
*** Running vivado
    with args -log system_s00_mmu_0.vds -m64 -product Vivado -mode batch -messageDb vivado.pb -notrace -source system_s00_mmu_0.tcl


****** Vivado v2018.3 (64-bit)
  **** SW Build 2405991 on Thu Dec  6 23:38:27 MST 2018
  **** IP Build 2404404 on Fri Dec  7 01:43:56 MST 2018
    ** Copyright 1986-2018 Xilinx, Inc. All Rights Reserved.

source system_s00_mmu_0.tcl -notrace
INFO: [IP_Flow 19-234] Refreshing IP repositories
WARNING: [IP_Flow 19-1694] Ignoring duplicate Bus Definition IP file 'digilentinc.com:interface:tmds:1.0' found within IP repository 'd:/xilinx_projects/pca_test/repo'.
File in use: d:/xilinx_projects/pca_test/repo/if/tmds_v1_0/tmds.xml
File ignored: d:/xilinx_projects/pca_test/repo/ip/16_ov5640_single/repo/if/tmds_v1_0/tmds.xml
WARNING: [IP_Flow 19-1694] Ignoring duplicate Bus Abstraction IP file 'digilentinc.com:interface:tmds_rtl:1.0' found within IP repository 'd:/xilinx_projects/pca_test/repo'.
File in use: d:/xilinx_projects/pca_test/repo/if/tmds_v1_0/tmds_rtl.xml
File ignored: d:/xilinx_projects/pca_test/repo/ip/16_ov5640_single/repo/if/tmds_v1_0/tmds_rtl.xml
INFO: [IP_Flow 19-1700] Loaded user IP repository 'd:/xilinx_projects/pca_test/repo'.
WARNING: [IP_Flow 19-3685] Ignored loading user repository 'd:/xilinx_projects/pca_test/repo/ip'. The path is contained within another repository.
INFO: [IP_Flow 19-2313] Loaded Vivado IP repository 'C:/xilinx/Vivado/2018.3/data/ip'.
CRITICAL WARNING: [IP_Flow 19-1663] Duplicate IP found for 'alinx.com.cn:user:i2c_extender:1.1'. The one found in IP location 'd:/xilinx_projects/pca_test/repo/alinx/i2c_extender' will take precedence over the same IP in location d:/xilinx_projects/pca_test/repo/ip/16_ov5640_single/repo/alinx/i2c_extender
CRITICAL WARNING: [IP_Flow 19-1663] Duplicate IP found for 'www.alinx.com.cn:user:alinx_ov5640:5.4'. The one found in IP location 'd:/xilinx_projects/pca_test/repo/alinx/ov5640_ip' will take precedence over the same IP in location d:/xilinx_projects/pca_test/repo/ip/16_ov5640_single/repo/alinx/ov5640_ip
CRITICAL WARNING: [IP_Flow 19-1663] Duplicate IP found for 'digilentinc.com:ip:axi_dynclk:1.0'. The one found in IP location 'd:/xilinx_projects/pca_test/repo/ip/16_ov5640_single/repo/ip/axi_dynclk_v1_0' will take precedence over the same IP in location d:/xilinx_projects/pca_test/repo/ip/axi_dynclk_v1_0
CRITICAL WARNING: [IP_Flow 19-1663] Duplicate IP found for 'digilentinc.com:ip:rgb2dvi:1.3'. The one found in IP location 'd:/xilinx_projects/pca_test/repo/ip/16_ov5640_single/repo/ip/rgb2dvi_v1_3' will take precedence over the same IP in location d:/xilinx_projects/pca_test/repo/ip/rgb2dvi_v1_3
CRITICAL WARNING: [IP_Flow 19-1663] Duplicate IP found for 'xilinx.com:hls:conv1:1.0'. The one found in IP location 'd:/xilinx_projects/pca_test/repo/ip/16_ov5640_single/repo/ip/xilinx_com_hls_conv1_1_0' will take precedence over the same IP in location d:/xilinx_projects/pca_test/repo/ip/xilinx_com_hls_conv1_1_0
CRITICAL WARNING: [IP_Flow 19-1663] Duplicate IP found for 'xilinx.com:hls:conv2:1.0'. The one found in IP location 'd:/xilinx_projects/pca_test/repo/ip/16_ov5640_single/repo/ip/xilinx_com_hls_conv2_1_0' will take precedence over the same IP in location d:/xilinx_projects/pca_test/repo/ip/xilinx_com_hls_conv2_1_0
CRITICAL WARNING: [IP_Flow 19-1663] Duplicate IP found for 'xilinx.com:hls:conv3:1.0'. The one found in IP location 'd:/xilinx_projects/pca_test/repo/ip/16_ov5640_single/repo/ip/xilinx_com_hls_conv3_1_0' will take precedence over the same IP in location d:/xilinx_projects/pca_test/repo/ip/xilinx_com_hls_conv3_1_0
CRITICAL WARNING: [IP_Flow 19-1663] Duplicate IP found for 'xilinx.com:hls:conv4:1.0'. The one found in IP location 'd:/xilinx_projects/pca_test/repo/ip/16_ov5640_single/repo/ip/xilinx_com_hls_conv4_1_0' will take precedence over the same IP in location d:/xilinx_projects/pca_test/repo/ip/xilinx_com_hls_conv4_1_0
CRITICAL WARNING: [IP_Flow 19-1663] Duplicate IP found for 'xilinx.com:hls:hls_core_1:1.0'. The one found in IP location 'd:/xilinx_projects/pca_test/repo/ip/16_ov5640_single/repo/ip/xilinx_com_hls_hls_core_1_1_0' will take precedence over the same IP in location d:/xilinx_projects/pca_test/repo/ip/xilinx_com_hls_hls_core_1_1_0
CRITICAL WARNING: [IP_Flow 19-1663] Duplicate IP found for 'xilinx.com:hls:small_pic:1.0'. The one found in IP location 'd:/xilinx_projects/pca_test/repo/ip/16_ov5640_single/repo/ip/xilinx_com_hls_small_pic_1_0' will take precedence over the same IP in location d:/xilinx_projects/pca_test/repo/ip/xilinx_com_hls_small_pic_1_0
update_ip_catalog: Time (s): cpu = 00:00:04 ; elapsed = 00:00:05 . Memory (MB): peak = 282.078 ; gain = 34.941
Command: synth_design -top system_s00_mmu_0 -part xc7z020clg400-2 -mode out_of_context
Starting synth_design
Attempting to get a license for feature 'Synthesis' and/or device 'xc7z020'
INFO: [Common 17-349] Got license for feature 'Synthesis' and/or device 'xc7z020'
INFO: Launching helper process for spawning children vivado processes
INFO: Helper process launched with PID 23428 
---------------------------------------------------------------------------------
Starting RTL Elaboration : Time (s): cpu = 00:00:03 ; elapsed = 00:00:03 . Memory (MB): peak = 404.473 ; gain = 104.426
---------------------------------------------------------------------------------
INFO: [Synth 8-6157] synthesizing module 'system_s00_mmu_0' [d:/xilinx_projects/pca_test/ov5640_single.srcs/sources_1/bd/system/ip/system_s00_mmu_0/synth/system_s00_mmu_0.v:58]
INFO: [Synth 8-6157] synthesizing module 'axi_mmu_v2_1_16_top' [d:/xilinx_projects/pca_test/ov5640_single.srcs/sources_1/bd/system/ipshared/e3c9/hdl/axi_mmu_v2_1_vl_rfs.v:557]
	Parameter C_FAMILY bound to: zynq - type: string 
	Parameter C_AXI_PROTOCOL bound to: 1 - type: integer 
	Parameter C_AXI_ID_WIDTH bound to: 12 - type: integer 
	Parameter C_S_AXI_ADDR_WIDTH bound to: 32 - type: integer 
	Parameter C_M_AXI_ADDR_WIDTH bound to: 32 - type: integer 
	Parameter C_AXI_DATA_WIDTH bound to: 32 - type: integer 
	Parameter C_AXI_SUPPORTS_USER_SIGNALS bound to: 0 - type: integer 
	Parameter C_AXI_AWUSER_WIDTH bound to: 1 - type: integer 
	Parameter C_AXI_ARUSER_WIDTH bound to: 1 - type: integer 
	Parameter C_AXI_WUSER_WIDTH bound to: 1 - type: integer 
	Parameter C_AXI_RUSER_WIDTH bound to: 1 - type: integer 
	Parameter C_AXI_BUSER_WIDTH bound to: 1 - type: integer 
	Parameter C_NUM_RANGES bound to: 9 - type: integer 
	Parameter C_BASE_ADDR bound to: 576'b000000000000000000000000000000000100001111000101000000000000000000000000000000000000000000000000010000111100010000000000000000000000000000000000000000000000000001000011110000110000000000000000000000000000000000000000000000000100001111000010000000000000000000000000000000000000000000000000010000111100000100000000000000000000000000000000000000000000000001000011110000000000000000000000000000000000000000000000000000000100001100000001000000000000000000000000000000000000000000000000010000110000000000000000000000000000000000000000000000000000000001000001001000000000000000000000 
	Parameter C_RANGE_SIZE bound to: 288'b000000000000000000000000000100000000000000000000000000000001000000000000000000000000000000010000000000000000000000000000000100000000000000000000000000000001000000000000000000000000000000010000000000000000000000000000000100000000000000000000000000000001000000000000000000000000000000010000 
	Parameter C_USES_DEST bound to: 0 - type: integer 
	Parameter C_DEST_WIDTH bound to: 1 - type: integer 
	Parameter C_DEST bound to: 9'b000000000 
	Parameter C_PREFIX_WIDTH bound to: 1 - type: integer 
	Parameter C_PREFIX bound to: 9'b000000000 
	Parameter C_S_AXI_SUPPORTS_WRITE bound to: 1 - type: integer 
	Parameter C_S_AXI_SUPPORTS_READ bound to: 1 - type: integer 
	Parameter C_M_AXI_SUPPORTS_WRITE bound to: 9'b111111111 
	Parameter C_M_AXI_SUPPORTS_READ bound to: 9'b111111111 
	Parameter P_AXI4 bound to: 0 - type: integer 
	Parameter P_AXI3 bound to: 1 - type: integer 
	Parameter P_AXILITE bound to: 2 - type: integer 
	Parameter P_DECERR bound to: 2'b11 
	Parameter P_NUM_RANGES_LOG bound to: 4 - type: integer 
	Parameter W_IDLE bound to: 2'b00 
	Parameter W_PENDING bound to: 2'b01 
	Parameter W_DECERR bound to: 2'b11 
	Parameter R_IDLE bound to: 2'b00 
	Parameter R_PENDING bound to: 2'b01 
	Parameter R_DECERR bound to: 2'b11 
INFO: [Synth 8-6157] synthesizing module 'axi_mmu_v2_1_16_addr_decoder' [d:/xilinx_projects/pca_test/ov5640_single.srcs/sources_1/bd/system/ipshared/e3c9/hdl/axi_mmu_v2_1_vl_rfs.v:63]
	Parameter C_FAMILY bound to: zynq - type: string 
	Parameter C_NUM_RANGES bound to: 9 - type: integer 
	Parameter C_NUM_RANGES_LOG bound to: 4 - type: integer 
	Parameter C_ADDR_WIDTH bound to: 32 - type: integer 
	Parameter C_BASE_ADDR bound to: 576'b000000000000000000000000000000000100001111000101000000000000000000000000000000000000000000000000010000111100010000000000000000000000000000000000000000000000000001000011110000110000000000000000000000000000000000000000000000000100001111000010000000000000000000000000000000000000000000000000010000111100000100000000000000000000000000000000000000000000000001000011110000000000000000000000000000000000000000000000000000000100001100000001000000000000000000000000000000000000000000000000010000110000000000000000000000000000000000000000000000000000000001000001001000000000000000000000 
	Parameter C_RANGE_SIZE bound to: 288'b000000000000000000000000000100000000000000000000000000000001000000000000000000000000000000010000000000000000000000000000000100000000000000000000000000000001000000000000000000000000000000010000000000000000000000000000000100000000000000000000000000000001000000000000000000000000000000010000 
	Parameter C_RANGE_QUAL bound to: 10'b0111111111 
INFO: [Synth 8-6155] done synthesizing module 'axi_mmu_v2_1_16_addr_decoder' (1#1) [d:/xilinx_projects/pca_test/ov5640_single.srcs/sources_1/bd/system/ipshared/e3c9/hdl/axi_mmu_v2_1_vl_rfs.v:63]
INFO: [Synth 8-6157] synthesizing module 'axi_mmu_v2_1_16_decerr_slave' [d:/xilinx_projects/pca_test/ov5640_single.srcs/sources_1/bd/system/ipshared/e3c9/hdl/axi_mmu_v2_1_vl_rfs.v:201]
	Parameter C_AXI_ID_WIDTH bound to: 12 - type: integer 
	Parameter C_AXI_DATA_WIDTH bound to: 32 - type: integer 
	Parameter C_AXI_BUSER_WIDTH bound to: 1 - type: integer 
	Parameter C_AXI_RUSER_WIDTH bound to: 1 - type: integer 
	Parameter C_AXI_PROTOCOL bound to: 1 - type: integer 
	Parameter C_AXI_SUPPORTS_WRITE bound to: 1 - type: integer 
	Parameter C_AXI_SUPPORTS_READ bound to: 1 - type: integer 
	Parameter C_RESP bound to: 3 - type: integer 
	Parameter P_WRITE_IDLE bound to: 2'b00 
	Parameter P_WRITE_DATA bound to: 2'b01 
	Parameter P_WRITE_RESP bound to: 2'b10 
	Parameter P_READ_IDLE bound to: 1'b0 
	Parameter P_READ_DATA bound to: 1'b1 
	Parameter P_AXI4 bound to: 0 - type: integer 
	Parameter P_AXI3 bound to: 1 - type: integer 
	Parameter P_AXILITE bound to: 2 - type: integer 
INFO: [Synth 8-155] case statement is not full and has no default [d:/xilinx_projects/pca_test/ov5640_single.srcs/sources_1/bd/system/ipshared/e3c9/hdl/axi_mmu_v2_1_vl_rfs.v:362]
INFO: [Synth 8-6155] done synthesizing module 'axi_mmu_v2_1_16_decerr_slave' (2#1) [d:/xilinx_projects/pca_test/ov5640_single.srcs/sources_1/bd/system/ipshared/e3c9/hdl/axi_mmu_v2_1_vl_rfs.v:201]
INFO: [Synth 8-6157] synthesizing module 'axi_register_slice_v2_1_18_axi_register_slice' [d:/xilinx_projects/pca_test/ov5640_single.srcs/sources_1/bd/system/ipshared/cc23/hdl/axi_register_slice_v2_1_vl_rfs.v:2637]
	Parameter C_FAMILY bound to: zynq - type: string 
	Parameter C_AXI_PROTOCOL bound to: 1 - type: integer 
	Parameter C_AXI_ID_WIDTH bound to: 12 - type: integer 
	Parameter C_AXI_ADDR_WIDTH bound to: 33 - type: integer 
	Parameter C_AXI_DATA_WIDTH bound to: 32 - type: integer 
	Parameter C_AXI_SUPPORTS_USER_SIGNALS bound to: 0 - type: integer 
	Parameter C_AXI_AWUSER_WIDTH bound to: 1 - type: integer 
	Parameter C_AXI_ARUSER_WIDTH bound to: 1 - type: integer 
	Parameter C_AXI_WUSER_WIDTH bound to: 1 - type: integer 
	Parameter C_AXI_RUSER_WIDTH bound to: 1 - type: integer 
	Parameter C_AXI_BUSER_WIDTH bound to: 1 - type: integer 
	Parameter C_REG_CONFIG_AW bound to: 7 - type: integer 
	Parameter C_REG_CONFIG_W bound to: 0 - type: integer 
	Parameter C_REG_CONFIG_B bound to: 0 - type: integer 
	Parameter C_REG_CONFIG_AR bound to: 7 - type: integer 
	Parameter C_REG_CONFIG_R bound to: 0 - type: integer 
	Parameter C_NUM_SLR_CROSSINGS bound to: 0 - type: integer 
	Parameter C_PIPELINES_MASTER_AW bound to: 0 - type: integer 
	Parameter C_PIPELINES_MASTER_W bound to: 0 - type: integer 
	Parameter C_PIPELINES_MASTER_B bound to: 0 - type: integer 
	Parameter C_PIPELINES_MASTER_AR bound to: 0 - type: integer 
	Parameter C_PIPELINES_MASTER_R bound to: 0 - type: integer 
	Parameter C_PIPELINES_SLAVE_AW bound to: 0 - type: integer 
	Parameter C_PIPELINES_SLAVE_W bound to: 0 - type: integer 
	Parameter C_PIPELINES_SLAVE_B bound to: 0 - type: integer 
	Parameter C_PIPELINES_SLAVE_AR bound to: 0 - type: integer 
	Parameter C_PIPELINES_SLAVE_R bound to: 0 - type: integer 
	Parameter C_PIPELINES_MIDDLE_AW bound to: 0 - type: integer 
	Parameter C_PIPELINES_MIDDLE_W bound to: 0 - type: integer 
	Parameter C_PIPELINES_MIDDLE_B bound to: 0 - type: integer 
	Parameter C_PIPELINES_MIDDLE_AR bound to: 0 - type: integer 
	Parameter C_PIPELINES_MIDDLE_R bound to: 0 - type: integer 
	Parameter C_AXI_SUPPORTS_REGION_SIGNALS bound to: 0 - type: integer 
	Parameter P_FORWARD bound to: 0 - type: integer 
	Parameter P_RESPONSE bound to: 1 - type: integer 
	Parameter G_AXI_AWADDR_INDEX bound to: 0 - type: integer 
	Parameter G_AXI_AWADDR_WIDTH bound to: 33 - type: integer 
	Parameter G_AXI_AWPROT_INDEX bound to: 33 - type: integer 
	Parameter G_AXI_AWPROT_WIDTH bound to: 3 - type: integer 
	Parameter G_AXI_AWSIZE_INDEX bound to: 36 - type: integer 
	Parameter G_AXI_AWSIZE_WIDTH bound to: 3 - type: integer 
	Parameter G_AXI_AWBURST_INDEX bound to: 39 - type: integer 
	Parameter G_AXI_AWBURST_WIDTH bound to: 2 - type: integer 
	Parameter G_AXI_AWCACHE_INDEX bound to: 41 - type: integer 
	Parameter G_AXI_AWCACHE_WIDTH bound to: 4 - type: integer 
	Parameter G_AXI_AWLEN_INDEX bound to: 45 - type: integer 
	Parameter G_AXI_AWLEN_WIDTH bound to: 4 - type: integer 
	Parameter G_AXI_AWLOCK_INDEX bound to: 49 - type: integer 
	Parameter G_AXI_AWLOCK_WIDTH bound to: 2 - type: integer 
	Parameter G_AXI_AWID_INDEX bound to: 51 - type: integer 
	Parameter G_AXI_AWID_WIDTH bound to: 12 - type: integer 
	Parameter G_AXI_AWQOS_INDEX bound to: 63 - type: integer 
	Parameter G_AXI_AWQOS_WIDTH bound to: 4 - type: integer 
	Parameter G_AXI_AWREGION_INDEX bound to: 67 - type: integer 
	Parameter G_AXI_AWREGION_WIDTH bound to: 0 - type: integer 
	Parameter G_AXI_AWUSER_INDEX bound to: 67 - type: integer 
	Parameter G_AXI_AWUSER_WIDTH bound to: 0 - type: integer 
	Parameter G_AXI_AWPAYLOAD_WIDTH bound to: 67 - type: integer 
	Parameter G_AXI_ARADDR_INDEX bound to: 0 - type: integer 
	Parameter G_AXI_ARADDR_WIDTH bound to: 33 - type: integer 
	Parameter G_AXI_ARPROT_INDEX bound to: 33 - type: integer 
	Parameter G_AXI_ARPROT_WIDTH bound to: 3 - type: integer 
	Parameter G_AXI_ARSIZE_INDEX bound to: 36 - type: integer 
	Parameter G_AXI_ARSIZE_WIDTH bound to: 3 - type: integer 
	Parameter G_AXI_ARBURST_INDEX bound to: 39 - type: integer 
	Parameter G_AXI_ARBURST_WIDTH bound to: 2 - type: integer 
	Parameter G_AXI_ARCACHE_INDEX bound to: 41 - type: integer 
	Parameter G_AXI_ARCACHE_WIDTH bound to: 4 - type: integer 
	Parameter G_AXI_ARLEN_INDEX bound to: 45 - type: integer 
	Parameter G_AXI_ARLEN_WIDTH bound to: 4 - type: integer 
	Parameter G_AXI_ARLOCK_INDEX bound to: 49 - type: integer 
	Parameter G_AXI_ARLOCK_WIDTH bound to: 2 - type: integer 
	Parameter G_AXI_ARID_INDEX bound to: 51 - type: integer 
	Parameter G_AXI_ARID_WIDTH bound to: 12 - type: integer 
	Parameter G_AXI_ARQOS_INDEX bound to: 63 - type: integer 
	Parameter G_AXI_ARQOS_WIDTH bound to: 4 - type: integer 
	Parameter G_AXI_ARREGION_INDEX bound to: 67 - type: integer 
	Parameter G_AXI_ARREGION_WIDTH bound to: 0 - type: integer 
	Parameter G_AXI_ARUSER_INDEX bound to: 67 - type: integer 
	Parameter G_AXI_ARUSER_WIDTH bound to: 0 - type: integer 
	Parameter G_AXI_ARPAYLOAD_WIDTH bound to: 67 - type: integer 
	Parameter G_AXI_WDATA_INDEX bound to: 0 - type: integer 
	Parameter G_AXI_WDATA_WIDTH bound to: 32 - type: integer 
	Parameter G_AXI_WSTRB_INDEX bound to: 32 - type: integer 
	Parameter G_AXI_WSTRB_WIDTH bound to: 4 - type: integer 
	Parameter G_AXI_WLAST_INDEX bound to: 36 - type: integer 
	Parameter G_AXI_WLAST_WIDTH bound to: 1 - type: integer 
	Parameter G_AXI_WID_INDEX bound to: 37 - type: integer 
	Parameter G_AXI_WID_WIDTH bound to: 12 - type: integer 
	Parameter G_AXI_WUSER_INDEX bound to: 49 - type: integer 
	Parameter G_AXI_WUSER_WIDTH bound to: 0 - type: integer 
	Parameter G_AXI_WPAYLOAD_WIDTH bound to: 49 - type: integer 
	Parameter G_AXI_BRESP_INDEX bound to: 0 - type: integer 
	Parameter G_AXI_BRESP_WIDTH bound to: 2 - type: integer 
	Parameter G_AXI_BID_INDEX bound to: 2 - type: integer 
	Parameter G_AXI_BID_WIDTH bound to: 12 - type: integer 
	Parameter G_AXI_BUSER_INDEX bound to: 14 - type: integer 
	Parameter G_AXI_BUSER_WIDTH bound to: 0 - type: integer 
	Parameter G_AXI_BPAYLOAD_WIDTH bound to: 14 - type: integer 
	Parameter G_AXI_RDATA_INDEX bound to: 0 - type: integer 
	Parameter G_AXI_RDATA_WIDTH bound to: 32 - type: integer 
	Parameter G_AXI_RRESP_INDEX bound to: 32 - type: integer 
	Parameter G_AXI_RRESP_WIDTH bound to: 2 - type: integer 
	Parameter G_AXI_RLAST_INDEX bound to: 34 - type: integer 
	Parameter G_AXI_RLAST_WIDTH bound to: 1 - type: integer 
	Parameter G_AXI_RID_INDEX bound to: 35 - type: integer 
	Parameter G_AXI_RID_WIDTH bound to: 12 - type: integer 
	Parameter G_AXI_RUSER_INDEX bound to: 47 - type: integer 
	Parameter G_AXI_RUSER_WIDTH bound to: 0 - type: integer 
	Parameter G_AXI_RPAYLOAD_WIDTH bound to: 47 - type: integer 
INFO: [Synth 8-6157] synthesizing module 'axi_register_slice_v2_1_18_axic_register_slice' [d:/xilinx_projects/pca_test/ov5640_single.srcs/sources_1/bd/system/ipshared/cc23/hdl/axi_register_slice_v2_1_vl_rfs.v:409]
	Parameter C_FAMILY bound to: zynq - type: string 
	Parameter C_DATA_WIDTH bound to: 67 - type: integer 
	Parameter C_REG_CONFIG bound to: 7 - type: integer 
INFO: [Synth 8-6155] done synthesizing module 'axi_register_slice_v2_1_18_axic_register_slice' (3#1) [d:/xilinx_projects/pca_test/ov5640_single.srcs/sources_1/bd/system/ipshared/cc23/hdl/axi_register_slice_v2_1_vl_rfs.v:409]
INFO: [Synth 8-6157] synthesizing module 'axi_register_slice_v2_1_18_axic_register_slice__parameterized0' [d:/xilinx_projects/pca_test/ov5640_single.srcs/sources_1/bd/system/ipshared/cc23/hdl/axi_register_slice_v2_1_vl_rfs.v:409]
	Parameter C_FAMILY bound to: zynq - type: string 
	Parameter C_DATA_WIDTH bound to: 49 - type: integer 
	Parameter C_REG_CONFIG bound to: 0 - type: integer 
INFO: [Synth 8-6155] done synthesizing module 'axi_register_slice_v2_1_18_axic_register_slice__parameterized0' (3#1) [d:/xilinx_projects/pca_test/ov5640_single.srcs/sources_1/bd/system/ipshared/cc23/hdl/axi_register_slice_v2_1_vl_rfs.v:409]
INFO: [Synth 8-6157] synthesizing module 'axi_register_slice_v2_1_18_axic_register_slice__parameterized1' [d:/xilinx_projects/pca_test/ov5640_single.srcs/sources_1/bd/system/ipshared/cc23/hdl/axi_register_slice_v2_1_vl_rfs.v:409]
	Parameter C_FAMILY bound to: zynq - type: string 
	Parameter C_DATA_WIDTH bound to: 14 - type: integer 
	Parameter C_REG_CONFIG bound to: 0 - type: integer 
INFO: [Synth 8-6155] done synthesizing module 'axi_register_slice_v2_1_18_axic_register_slice__parameterized1' (3#1) [d:/xilinx_projects/pca_test/ov5640_single.srcs/sources_1/bd/system/ipshared/cc23/hdl/axi_register_slice_v2_1_vl_rfs.v:409]
INFO: [Synth 8-6157] synthesizing module 'axi_register_slice_v2_1_18_axic_register_slice__parameterized2' [d:/xilinx_projects/pca_test/ov5640_single.srcs/sources_1/bd/system/ipshared/cc23/hdl/axi_register_slice_v2_1_vl_rfs.v:409]
	Parameter C_FAMILY bound to: zynq - type: string 
	Parameter C_DATA_WIDTH bound to: 47 - type: integer 
	Parameter C_REG_CONFIG bound to: 0 - type: integer 
INFO: [Synth 8-6155] done synthesizing module 'axi_register_slice_v2_1_18_axic_register_slice__parameterized2' (3#1) [d:/xilinx_projects/pca_test/ov5640_single.srcs/sources_1/bd/system/ipshared/cc23/hdl/axi_register_slice_v2_1_vl_rfs.v:409]
INFO: [Synth 8-6157] synthesizing module 'axi_infrastructure_v1_1_0_axi2vector' [d:/xilinx_projects/pca_test/ov5640_single.srcs/sources_1/bd/system/ipshared/ec67/hdl/axi_infrastructure_v1_1_vl_rfs.v:60]
	Parameter C_AXI_PROTOCOL bound to: 1 - type: integer 
	Parameter C_AXI_ID_WIDTH bound to: 12 - type: integer 
	Parameter C_AXI_ADDR_WIDTH bound to: 33 - type: integer 
	Parameter C_AXI_DATA_WIDTH bound to: 32 - type: integer 
	Parameter C_AXI_SUPPORTS_USER_SIGNALS bound to: 0 - type: integer 
	Parameter C_AXI_SUPPORTS_REGION_SIGNALS bound to: 0 - type: integer 
	Parameter C_AXI_AWUSER_WIDTH bound to: 1 - type: integer 
	Parameter C_AXI_WUSER_WIDTH bound to: 1 - type: integer 
	Parameter C_AXI_BUSER_WIDTH bound to: 1 - type: integer 
	Parameter C_AXI_ARUSER_WIDTH bound to: 1 - type: integer 
	Parameter C_AXI_RUSER_WIDTH bound to: 1 - type: integer 
	Parameter C_AWPAYLOAD_WIDTH bound to: 67 - type: integer 
	Parameter C_WPAYLOAD_WIDTH bound to: 49 - type: integer 
	Parameter C_BPAYLOAD_WIDTH bound to: 14 - type: integer 
	Parameter C_ARPAYLOAD_WIDTH bound to: 67 - type: integer 
	Parameter C_RPAYLOAD_WIDTH bound to: 47 - type: integer 
	Parameter G_AXI_AWADDR_INDEX bound to: 0 - type: integer 
	Parameter G_AXI_AWADDR_WIDTH bound to: 33 - type: integer 
	Parameter G_AXI_AWPROT_INDEX bound to: 33 - type: integer 
	Parameter G_AXI_AWPROT_WIDTH bound to: 3 - type: integer 
	Parameter G_AXI_AWSIZE_INDEX bound to: 36 - type: integer 
	Parameter G_AXI_AWSIZE_WIDTH bound to: 3 - type: integer 
	Parameter G_AXI_AWBURST_INDEX bound to: 39 - type: integer 
	Parameter G_AXI_AWBURST_WIDTH bound to: 2 - type: integer 
	Parameter G_AXI_AWCACHE_INDEX bound to: 41 - type: integer 
	Parameter G_AXI_AWCACHE_WIDTH bound to: 4 - type: integer 
	Parameter G_AXI_AWLEN_INDEX bound to: 45 - type: integer 
	Parameter G_AXI_AWLEN_WIDTH bound to: 4 - type: integer 
	Parameter G_AXI_AWLOCK_INDEX bound to: 49 - type: integer 
	Parameter G_AXI_AWLOCK_WIDTH bound to: 2 - type: integer 
	Parameter G_AXI_AWID_INDEX bound to: 51 - type: integer 
	Parameter G_AXI_AWID_WIDTH bound to: 12 - type: integer 
	Parameter G_AXI_AWQOS_INDEX bound to: 63 - type: integer 
	Parameter G_AXI_AWQOS_WIDTH bound to: 4 - type: integer 
	Parameter G_AXI_AWREGION_INDEX bound to: 67 - type: integer 
	Parameter G_AXI_AWREGION_WIDTH bound to: 0 - type: integer 
	Parameter G_AXI_AWUSER_INDEX bound to: 67 - type: integer 
	Parameter G_AXI_AWUSER_WIDTH bound to: 0 - type: integer 
	Parameter G_AXI_AWPAYLOAD_WIDTH bound to: 67 - type: integer 
	Parameter G_AXI_ARADDR_INDEX bound to: 0 - type: integer 
	Parameter G_AXI_ARADDR_WIDTH bound to: 33 - type: integer 
	Parameter G_AXI_ARPROT_INDEX bound to: 33 - type: integer 
	Parameter G_AXI_ARPROT_WIDTH bound to: 3 - type: integer 
	Parameter G_AXI_ARSIZE_INDEX bound to: 36 - type: integer 
	Parameter G_AXI_ARSIZE_WIDTH bound to: 3 - type: integer 
	Parameter G_AXI_ARBURST_INDEX bound to: 39 - type: integer 
	Parameter G_AXI_ARBURST_WIDTH bound to: 2 - type: integer 
	Parameter G_AXI_ARCACHE_INDEX bound to: 41 - type: integer 
	Parameter G_AXI_ARCACHE_WIDTH bound to: 4 - type: integer 
	Parameter G_AXI_ARLEN_INDEX bound to: 45 - type: integer 
	Parameter G_AXI_ARLEN_WIDTH bound to: 4 - type: integer 
	Parameter G_AXI_ARLOCK_INDEX bound to: 49 - type: integer 
	Parameter G_AXI_ARLOCK_WIDTH bound to: 2 - type: integer 
	Parameter G_AXI_ARID_INDEX bound to: 51 - type: integer 
	Parameter G_AXI_ARID_WIDTH bound to: 12 - type: integer 
	Parameter G_AXI_ARQOS_INDEX bound to: 63 - type: integer 
	Parameter G_AXI_ARQOS_WIDTH bound to: 4 - type: integer 
	Parameter G_AXI_ARREGION_INDEX bound to: 67 - type: integer 
	Parameter G_AXI_ARREGION_WIDTH bound to: 0 - type: integer 
	Parameter G_AXI_ARUSER_INDEX bound to: 67 - type: integer 
	Parameter G_AXI_ARUSER_WIDTH bound to: 0 - type: integer 
	Parameter G_AXI_ARPAYLOAD_WIDTH bound to: 67 - type: integer 
	Parameter G_AXI_WDATA_INDEX bound to: 0 - type: integer 
	Parameter G_AXI_WDATA_WIDTH bound to: 32 - type: integer 
	Parameter G_AXI_WSTRB_INDEX bound to: 32 - type: integer 
	Parameter G_AXI_WSTRB_WIDTH bound to: 4 - type: integer 
	Parameter G_AXI_WLAST_INDEX bound to: 36 - type: integer 
	Parameter G_AXI_WLAST_WIDTH bound to: 1 - type: integer 
	Parameter G_AXI_WID_INDEX bound to: 37 - type: integer 
	Parameter G_AXI_WID_WIDTH bound to: 12 - type: integer 
	Parameter G_AXI_WUSER_INDEX bound to: 49 - type: integer 
	Parameter G_AXI_WUSER_WIDTH bound to: 0 - type: integer 
	Parameter G_AXI_WPAYLOAD_WIDTH bound to: 49 - type: integer 
	Parameter G_AXI_BRESP_INDEX bound to: 0 - type: integer 
	Parameter G_AXI_BRESP_WIDTH bound to: 2 - type: integer 
	Parameter G_AXI_BID_INDEX bound to: 2 - type: integer 
	Parameter G_AXI_BID_WIDTH bound to: 12 - type: integer 
	Parameter G_AXI_BUSER_INDEX bound to: 14 - type: integer 
	Parameter G_AXI_BUSER_WIDTH bound to: 0 - type: integer 
	Parameter G_AXI_BPAYLOAD_WIDTH bound to: 14 - type: integer 
	Parameter G_AXI_RDATA_INDEX bound to: 0 - type: integer 
	Parameter G_AXI_RDATA_WIDTH bound to: 32 - type: integer 
	Parameter G_AXI_RRESP_INDEX bound to: 32 - type: integer 
	Parameter G_AXI_RRESP_WIDTH bound to: 2 - type: integer 
	Parameter G_AXI_RLAST_INDEX bound to: 34 - type: integer 
	Parameter G_AXI_RLAST_WIDTH bound to: 1 - type: integer 
	Parameter G_AXI_RID_INDEX bound to: 35 - type: integer 
	Parameter G_AXI_RID_WIDTH bound to: 12 - type: integer 
	Parameter G_AXI_RUSER_INDEX bound to: 47 - type: integer 
	Parameter G_AXI_RUSER_WIDTH bound to: 0 - type: integer 
	Parameter G_AXI_RPAYLOAD_WIDTH bound to: 47 - type: integer 
INFO: [Synth 8-6155] done synthesizing module 'axi_infrastructure_v1_1_0_axi2vector' (4#1) [d:/xilinx_projects/pca_test/ov5640_single.srcs/sources_1/bd/system/ipshared/ec67/hdl/axi_infrastructure_v1_1_vl_rfs.v:60]
INFO: [Synth 8-6157] synthesizing module 'axi_infrastructure_v1_1_0_vector2axi' [d:/xilinx_projects/pca_test/ov5640_single.srcs/sources_1/bd/system/ipshared/ec67/hdl/axi_infrastructure_v1_1_vl_rfs.v:474]
	Parameter C_AXI_PROTOCOL bound to: 1 - type: integer 
	Parameter C_AXI_ID_WIDTH bound to: 12 - type: integer 
	Parameter C_AXI_ADDR_WIDTH bound to: 33 - type: integer 
	Parameter C_AXI_DATA_WIDTH bound to: 32 - type: integer 
	Parameter C_AXI_SUPPORTS_USER_SIGNALS bound to: 0 - type: integer 
	Parameter C_AXI_SUPPORTS_REGION_SIGNALS bound to: 0 - type: integer 
	Parameter C_AXI_AWUSER_WIDTH bound to: 1 - type: integer 
	Parameter C_AXI_WUSER_WIDTH bound to: 1 - type: integer 
	Parameter C_AXI_BUSER_WIDTH bound to: 1 - type: integer 
	Parameter C_AXI_ARUSER_WIDTH bound to: 1 - type: integer 
	Parameter C_AXI_RUSER_WIDTH bound to: 1 - type: integer 
	Parameter C_AWPAYLOAD_WIDTH bound to: 67 - type: integer 
	Parameter C_WPAYLOAD_WIDTH bound to: 49 - type: integer 
	Parameter C_BPAYLOAD_WIDTH bound to: 14 - type: integer 
	Parameter C_ARPAYLOAD_WIDTH bound to: 67 - type: integer 
	Parameter C_RPAYLOAD_WIDTH bound to: 47 - type: integer 
	Parameter G_AXI_AWADDR_INDEX bound to: 0 - type: integer 
	Parameter G_AXI_AWADDR_WIDTH bound to: 33 - type: integer 
	Parameter G_AXI_AWPROT_INDEX bound to: 33 - type: integer 
	Parameter G_AXI_AWPROT_WIDTH bound to: 3 - type: integer 
	Parameter G_AXI_AWSIZE_INDEX bound to: 36 - type: integer 
	Parameter G_AXI_AWSIZE_WIDTH bound to: 3 - type: integer 
	Parameter G_AXI_AWBURST_INDEX bound to: 39 - type: integer 
	Parameter G_AXI_AWBURST_WIDTH bound to: 2 - type: integer 
	Parameter G_AXI_AWCACHE_INDEX bound to: 41 - type: integer 
	Parameter G_AXI_AWCACHE_WIDTH bound to: 4 - type: integer 
	Parameter G_AXI_AWLEN_INDEX bound to: 45 - type: integer 
	Parameter G_AXI_AWLEN_WIDTH bound to: 4 - type: integer 
	Parameter G_AXI_AWLOCK_INDEX bound to: 49 - type: integer 
	Parameter G_AXI_AWLOCK_WIDTH bound to: 2 - type: integer 
	Parameter G_AXI_AWID_INDEX bound to: 51 - type: integer 
	Parameter G_AXI_AWID_WIDTH bound to: 12 - type: integer 
	Parameter G_AXI_AWQOS_INDEX bound to: 63 - type: integer 
	Parameter G_AXI_AWQOS_WIDTH bound to: 4 - type: integer 
	Parameter G_AXI_AWREGION_INDEX bound to: 67 - type: integer 
	Parameter G_AXI_AWREGION_WIDTH bound to: 0 - type: integer 
	Parameter G_AXI_AWUSER_INDEX bound to: 67 - type: integer 
	Parameter G_AXI_AWUSER_WIDTH bound to: 0 - type: integer 
	Parameter G_AXI_AWPAYLOAD_WIDTH bound to: 67 - type: integer 
	Parameter G_AXI_ARADDR_INDEX bound to: 0 - type: integer 
	Parameter G_AXI_ARADDR_WIDTH bound to: 33 - type: integer 
	Parameter G_AXI_ARPROT_INDEX bound to: 33 - type: integer 
	Parameter G_AXI_ARPROT_WIDTH bound to: 3 - type: integer 
	Parameter G_AXI_ARSIZE_INDEX bound to: 36 - type: integer 
	Parameter G_AXI_ARSIZE_WIDTH bound to: 3 - type: integer 
	Parameter G_AXI_ARBURST_INDEX bound to: 39 - type: integer 
	Parameter G_AXI_ARBURST_WIDTH bound to: 2 - type: integer 
	Parameter G_AXI_ARCACHE_INDEX bound to: 41 - type: integer 
	Parameter G_AXI_ARCACHE_WIDTH bound to: 4 - type: integer 
	Parameter G_AXI_ARLEN_INDEX bound to: 45 - type: integer 
	Parameter G_AXI_ARLEN_WIDTH bound to: 4 - type: integer 
	Parameter G_AXI_ARLOCK_INDEX bound to: 49 - type: integer 
	Parameter G_AXI_ARLOCK_WIDTH bound to: 2 - type: integer 
	Parameter G_AXI_ARID_INDEX bound to: 51 - type: integer 
	Parameter G_AXI_ARID_WIDTH bound to: 12 - type: integer 
	Parameter G_AXI_ARQOS_INDEX bound to: 63 - type: integer 
	Parameter G_AXI_ARQOS_WIDTH bound to: 4 - type: integer 
	Parameter G_AXI_ARREGION_INDEX bound to: 67 - type: integer 
	Parameter G_AXI_ARREGION_WIDTH bound to: 0 - type: integer 
	Parameter G_AXI_ARUSER_INDEX bound to: 67 - type: integer 
	Parameter G_AXI_ARUSER_WIDTH bound to: 0 - type: integer 
	Parameter G_AXI_ARPAYLOAD_WIDTH bound to: 67 - type: integer 
	Parameter G_AXI_WDATA_INDEX bound to: 0 - type: integer 
	Parameter G_AXI_WDATA_WIDTH bound to: 32 - type: integer 
	Parameter G_AXI_WSTRB_INDEX bound to: 32 - type: integer 
	Parameter G_AXI_WSTRB_WIDTH bound to: 4 - type: integer 
	Parameter G_AXI_WLAST_INDEX bound to: 36 - type: integer 
	Parameter G_AXI_WLAST_WIDTH bound to: 1 - type: integer 
	Parameter G_AXI_WID_INDEX bound to: 37 - type: integer 
	Parameter G_AXI_WID_WIDTH bound to: 12 - type: integer 
	Parameter G_AXI_WUSER_INDEX bound to: 49 - type: integer 
	Parameter G_AXI_WUSER_WIDTH bound to: 0 - type: integer 
	Parameter G_AXI_WPAYLOAD_WIDTH bound to: 49 - type: integer 
	Parameter G_AXI_BRESP_INDEX bound to: 0 - type: integer 
	Parameter G_AXI_BRESP_WIDTH bound to: 2 - type: integer 
	Parameter G_AXI_BID_INDEX bound to: 2 - type: integer 
	Parameter G_AXI_BID_WIDTH bound to: 12 - type: integer 
	Parameter G_AXI_BUSER_INDEX bound to: 14 - type: integer 
	Parameter G_AXI_BUSER_WIDTH bound to: 0 - type: integer 
	Parameter G_AXI_BPAYLOAD_WIDTH bound to: 14 - type: integer 
	Parameter G_AXI_RDATA_INDEX bound to: 0 - type: integer 
	Parameter G_AXI_RDATA_WIDTH bound to: 32 - type: integer 
	Parameter G_AXI_RRESP_INDEX bound to: 32 - type: integer 
	Parameter G_AXI_RRESP_WIDTH bound to: 2 - type: integer 
	Parameter G_AXI_RLAST_INDEX bound to: 34 - type: integer 
	Parameter G_AXI_RLAST_WIDTH bound to: 1 - type: integer 
	Parameter G_AXI_RID_INDEX bound to: 35 - type: integer 
	Parameter G_AXI_RID_WIDTH bound to: 12 - type: integer 
	Parameter G_AXI_RUSER_INDEX bound to: 47 - type: integer 
	Parameter G_AXI_RUSER_WIDTH bound to: 0 - type: integer 
	Parameter G_AXI_RPAYLOAD_WIDTH bound to: 47 - type: integer 
INFO: [Synth 8-6155] done synthesizing module 'axi_infrastructure_v1_1_0_vector2axi' (5#1) [d:/xilinx_projects/pca_test/ov5640_single.srcs/sources_1/bd/system/ipshared/ec67/hdl/axi_infrastructure_v1_1_vl_rfs.v:474]
INFO: [Synth 8-6155] done synthesizing module 'axi_register_slice_v2_1_18_axi_register_slice' (6#1) [d:/xilinx_projects/pca_test/ov5640_single.srcs/sources_1/bd/system/ipshared/cc23/hdl/axi_register_slice_v2_1_vl_rfs.v:2637]
WARNING: [Synth 8-350] instance 'register_slice_inst' of module 'axi_register_slice_v2_1_18_axi_register_slice' requires 93 connections, but only 92 given [d:/xilinx_projects/pca_test/ov5640_single.srcs/sources_1/bd/system/ipshared/e3c9/hdl/axi_mmu_v2_1_vl_rfs.v:1172]
INFO: [Synth 8-6155] done synthesizing module 'axi_mmu_v2_1_16_top' (7#1) [d:/xilinx_projects/pca_test/ov5640_single.srcs/sources_1/bd/system/ipshared/e3c9/hdl/axi_mmu_v2_1_vl_rfs.v:557]
INFO: [Synth 8-6155] done synthesizing module 'system_s00_mmu_0' (8#1) [d:/xilinx_projects/pca_test/ov5640_single.srcs/sources_1/bd/system/ip/system_s00_mmu_0/synth/system_s00_mmu_0.v:58]
WARNING: [Synth 8-3331] design axi_infrastructure_v1_1_0_vector2axi has unconnected port m_axi_buser[0]
WARNING: [Synth 8-3331] design axi_infrastructure_v1_1_0_vector2axi has unconnected port m_axi_ruser[0]
WARNING: [Synth 8-3331] design axi_infrastructure_v1_1_0_axi2vector has unconnected port s_axi_awregion[3]
WARNING: [Synth 8-3331] design axi_infrastructure_v1_1_0_axi2vector has unconnected port s_axi_awregion[2]
WARNING: [Synth 8-3331] design axi_infrastructure_v1_1_0_axi2vector has unconnected port s_axi_awregion[1]
WARNING: [Synth 8-3331] design axi_infrastructure_v1_1_0_axi2vector has unconnected port s_axi_awregion[0]
WARNING: [Synth 8-3331] design axi_infrastructure_v1_1_0_axi2vector has unconnected port s_axi_awuser[0]
WARNING: [Synth 8-3331] design axi_infrastructure_v1_1_0_axi2vector has unconnected port s_axi_wuser[0]
WARNING: [Synth 8-3331] design axi_infrastructure_v1_1_0_axi2vector has unconnected port s_axi_arregion[3]
WARNING: [Synth 8-3331] design axi_infrastructure_v1_1_0_axi2vector has unconnected port s_axi_arregion[2]
WARNING: [Synth 8-3331] design axi_infrastructure_v1_1_0_axi2vector has unconnected port s_axi_arregion[1]
WARNING: [Synth 8-3331] design axi_infrastructure_v1_1_0_axi2vector has unconnected port s_axi_arregion[0]
WARNING: [Synth 8-3331] design axi_infrastructure_v1_1_0_axi2vector has unconnected port s_axi_aruser[0]
WARNING: [Synth 8-3331] design axi_register_slice_v2_1_18_axic_register_slice__parameterized2 has unconnected port ACLK
WARNING: [Synth 8-3331] design axi_register_slice_v2_1_18_axic_register_slice__parameterized2 has unconnected port ARESET
WARNING: [Synth 8-3331] design axi_register_slice_v2_1_18_axic_register_slice__parameterized1 has unconnected port ACLK
WARNING: [Synth 8-3331] design axi_register_slice_v2_1_18_axic_register_slice__parameterized1 has unconnected port ARESET
WARNING: [Synth 8-3331] design axi_register_slice_v2_1_18_axic_register_slice__parameterized0 has unconnected port ACLK
WARNING: [Synth 8-3331] design axi_register_slice_v2_1_18_axic_register_slice__parameterized0 has unconnected port ARESET
WARNING: [Synth 8-3331] design axi_register_slice_v2_1_18_axi_register_slice has unconnected port aclk2x
WARNING: [Synth 8-3331] design axi_mmu_v2_1_16_addr_decoder has unconnected port addr[15]
WARNING: [Synth 8-3331] design axi_mmu_v2_1_16_addr_decoder has unconnected port addr[14]
WARNING: [Synth 8-3331] design axi_mmu_v2_1_16_addr_decoder has unconnected port addr[13]
WARNING: [Synth 8-3331] design axi_mmu_v2_1_16_addr_decoder has unconnected port addr[12]
WARNING: [Synth 8-3331] design axi_mmu_v2_1_16_addr_decoder has unconnected port addr[11]
WARNING: [Synth 8-3331] design axi_mmu_v2_1_16_addr_decoder has unconnected port addr[10]
WARNING: [Synth 8-3331] design axi_mmu_v2_1_16_addr_decoder has unconnected port addr[9]
WARNING: [Synth 8-3331] design axi_mmu_v2_1_16_addr_decoder has unconnected port addr[8]
WARNING: [Synth 8-3331] design axi_mmu_v2_1_16_addr_decoder has unconnected port addr[7]
WARNING: [Synth 8-3331] design axi_mmu_v2_1_16_addr_decoder has unconnected port addr[6]
WARNING: [Synth 8-3331] design axi_mmu_v2_1_16_addr_decoder has unconnected port addr[5]
WARNING: [Synth 8-3331] design axi_mmu_v2_1_16_addr_decoder has unconnected port addr[4]
WARNING: [Synth 8-3331] design axi_mmu_v2_1_16_addr_decoder has unconnected port addr[3]
WARNING: [Synth 8-3331] design axi_mmu_v2_1_16_addr_decoder has unconnected port addr[2]
WARNING: [Synth 8-3331] design axi_mmu_v2_1_16_addr_decoder has unconnected port addr[1]
WARNING: [Synth 8-3331] design axi_mmu_v2_1_16_addr_decoder has unconnected port addr[0]
---------------------------------------------------------------------------------
Finished RTL Elaboration : Time (s): cpu = 00:00:05 ; elapsed = 00:00:05 . Memory (MB): peak = 461.328 ; gain = 161.281
---------------------------------------------------------------------------------

Report Check Netlist: 
+------+------------------+-------+---------+-------+------------------+
|      |Item              |Errors |Warnings |Status |Description       |
+------+------------------+-------+---------+-------+------------------+
|1     |multi_driven_nets |      0|        0|Passed |Multi driven nets |
+------+------------------+-------+---------+-------+------------------+
---------------------------------------------------------------------------------
Start Handling Custom Attributes
---------------------------------------------------------------------------------
---------------------------------------------------------------------------------
Finished Handling Custom Attributes : Time (s): cpu = 00:00:05 ; elapsed = 00:00:07 . Memory (MB): peak = 461.328 ; gain = 161.281
---------------------------------------------------------------------------------
---------------------------------------------------------------------------------
Finished RTL Optimization Phase 1 : Time (s): cpu = 00:00:05 ; elapsed = 00:00:07 . Memory (MB): peak = 461.328 ; gain = 161.281
---------------------------------------------------------------------------------
INFO: [Device 21-403] Loading part xc7z020clg400-2
INFO: [Project 1-570] Preparing netlist for logic optimization

Processing XDC Constraints
Initializing timing engine
Completed Processing XDC Constraints

Netlist sorting complete. Time (s): cpu = 00:00:00 ; elapsed = 00:00:00.001 . Memory (MB): peak = 807.945 ; gain = 0.000
INFO: [Project 1-111] Unisim Transformation Summary:
No Unisim elements were transformed.

Netlist sorting complete. Time (s): cpu = 00:00:00 ; elapsed = 00:00:00 . Memory (MB): peak = 807.945 ; gain = 0.000
WARNING: [Constraints 18-5210] No constraints selected for write.
Resolution: This message can indicate that there are no constraints for the design, or it can indicate that the used_in flags are set such that the constraints are ignored. This later case is used when running synth_design to not write synthesis constraints to the resulting checkpoint. Instead, project constraints are read when the synthesized design is opened.
Constraint Validation Runtime : Time (s): cpu = 00:00:00 ; elapsed = 00:00:00.110 . Memory (MB): peak = 810.496 ; gain = 2.551
---------------------------------------------------------------------------------
Finished Constraint Validation : Time (s): cpu = 00:00:15 ; elapsed = 00:00:19 . Memory (MB): peak = 810.496 ; gain = 510.449
---------------------------------------------------------------------------------
---------------------------------------------------------------------------------
Start Loading Part and Timing Information
---------------------------------------------------------------------------------
Loading part: xc7z020clg400-2
---------------------------------------------------------------------------------
Finished Loading Part and Timing Information : Time (s): cpu = 00:00:15 ; elapsed = 00:00:19 . Memory (MB): peak = 810.496 ; gain = 510.449
---------------------------------------------------------------------------------
---------------------------------------------------------------------------------
Start Applying 'set_property' XDC Constraints
---------------------------------------------------------------------------------
---------------------------------------------------------------------------------
Finished applying 'set_property' XDC Constraints : Time (s): cpu = 00:00:15 ; elapsed = 00:00:19 . Memory (MB): peak = 810.496 ; gain = 510.449
---------------------------------------------------------------------------------
INFO: [Synth 8-4471] merging register 'gen_axi.gen_read.s_axi_rvalid_i_reg' into 'gen_axi.gen_read.read_cs_reg[0:0]' [d:/xilinx_projects/pca_test/ov5640_single.srcs/sources_1/bd/system/ipshared/e3c9/hdl/axi_mmu_v2_1_vl_rfs.v:415]
INFO: [Synth 8-802] inferred FSM for state register 'gen_axi.gen_write.write_cs_reg' in module 'axi_mmu_v2_1_16_decerr_slave'
INFO: [Synth 8-5546] ROM "gen_axi.gen_read.read_cs" won't be mapped to RAM because it is too sparse
INFO: [Synth 8-5546] ROM "gen_axi.gen_read.s_axi_rlast_i" won't be mapped to RAM because it is too sparse
INFO: [Synth 8-5546] ROM "gen_axi.gen_read.s_axi_rlast_i" won't be mapped to RAM because it is too sparse
INFO: [Synth 8-5818] HDL ADVISOR - The operator resource <adder> is shared. To prevent sharing consider applying a KEEP on the output of the operator [d:/xilinx_projects/pca_test/ov5640_single.srcs/sources_1/bd/system/ipshared/e3c9/hdl/axi_mmu_v2_1_vl_rfs.v:924]
INFO: [Synth 8-5818] HDL ADVISOR - The operator resource <adder> is shared. To prevent sharing consider applying a KEEP on the output of the operator [d:/xilinx_projects/pca_test/ov5640_single.srcs/sources_1/bd/system/ipshared/e3c9/hdl/axi_mmu_v2_1_vl_rfs.v:1060]
INFO: [Synth 8-5818] HDL ADVISOR - The operator resource <adder> is shared. To prevent sharing consider applying a KEEP on the output of the operator [d:/xilinx_projects/pca_test/ov5640_single.srcs/sources_1/bd/system/ipshared/e3c9/hdl/axi_mmu_v2_1_vl_rfs.v:918]
INFO: [Synth 8-802] inferred FSM for state register 'gen_write.w_state_reg' in module 'axi_mmu_v2_1_16_top'
INFO: [Synth 8-802] inferred FSM for state register 'gen_read.r_state_reg' in module 'axi_mmu_v2_1_16_top'
INFO: [Synth 8-5546] ROM "r_state" won't be mapped to RAM because it is too sparse
---------------------------------------------------------------------------------------------------
                   State |                     New Encoding |                Previous Encoding 
---------------------------------------------------------------------------------------------------
            P_WRITE_IDLE |                              001 |                               00
            P_WRITE_DATA |                              010 |                               01
            P_WRITE_RESP |                              100 |                               10
---------------------------------------------------------------------------------------------------
INFO: [Synth 8-3354] encoded FSM with state register 'gen_axi.gen_write.write_cs_reg' using encoding 'one-hot' in module 'axi_mmu_v2_1_16_decerr_slave'
---------------------------------------------------------------------------------------------------
                   State |                     New Encoding |                Previous Encoding 
---------------------------------------------------------------------------------------------------
                  iSTATE |                              001 |                              000
*
               W_PENDING |                              010 |                              001
                W_DECERR |                              100 |                              011
---------------------------------------------------------------------------------------------------
INFO: [Synth 8-3354] encoded FSM with state register 'gen_write.w_state_reg' using encoding 'one-hot' in module 'axi_mmu_v2_1_16_top'
---------------------------------------------------------------------------------------------------
                   State |                     New Encoding |                Previous Encoding 
---------------------------------------------------------------------------------------------------
                  iSTATE |                               00 |                              000
*
               R_PENDING |                               01 |                              001
                R_DECERR |                               10 |                              011
---------------------------------------------------------------------------------------------------
INFO: [Synth 8-3354] encoded FSM with state register 'gen_read.r_state_reg' using encoding 'sequential' in module 'axi_mmu_v2_1_16_top'
---------------------------------------------------------------------------------
Finished RTL Optimization Phase 2 : Time (s): cpu = 00:00:16 ; elapsed = 00:00:19 . Memory (MB): peak = 810.496 ; gain = 510.449
---------------------------------------------------------------------------------

Report RTL Partitions: 
+-+--------------+------------+----------+
| |RTL Partition |Replication |Instances |
+-+--------------+------------+----------+
+-+--------------+------------+----------+
---------------------------------------------------------------------------------
Start RTL Component Statistics 
---------------------------------------------------------------------------------
Detailed RTL Component Info : 
+---Adders : 
	   2 Input      8 Bit       Adders := 1     
	   2 Input      6 Bit       Adders := 3     
+---XORs : 
	   2 Input      1 Bit         XORs := 10    
+---Registers : 
	               67 Bit    Registers := 2     
	               12 Bit    Registers := 2     
	                8 Bit    Registers := 1     
	                6 Bit    Registers := 3     
	                2 Bit    Registers := 3     
	                1 Bit    Registers := 11    
+---Muxes : 
	   2 Input     32 Bit        Muxes := 1     
	   2 Input     12 Bit        Muxes := 2     
	   2 Input      8 Bit        Muxes := 1     
	   3 Input      3 Bit        Muxes := 1     
	   2 Input      3 Bit        Muxes := 1     
	   2 Input      2 Bit        Muxes := 6     
	   3 Input      2 Bit        Muxes := 1     
	   3 Input      1 Bit        Muxes := 13    
	   2 Input      1 Bit        Muxes := 32    
---------------------------------------------------------------------------------
Finished RTL Component Statistics 
---------------------------------------------------------------------------------
---------------------------------------------------------------------------------
Start RTL Hierarchical Component Statistics 
---------------------------------------------------------------------------------
Hierarchical RTL Component report 
Module axi_mmu_v2_1_16_addr_decoder 
Detailed RTL Component Info : 
+---XORs : 
	   2 Input      1 Bit         XORs := 5     
Module axi_mmu_v2_1_16_decerr_slave 
Detailed RTL Component Info : 
+---Adders : 
	   2 Input      8 Bit       Adders := 1     
+---Registers : 
	               12 Bit    Registers := 2     
	                8 Bit    Registers := 1     
	                1 Bit    Registers := 6     
+---Muxes : 
	   2 Input      8 Bit        Muxes := 1     
	   3 Input      1 Bit        Muxes := 9     
	   2 Input      1 Bit        Muxes := 12    
Module axi_register_slice_v2_1_18_axic_register_slice 
Detailed RTL Component Info : 
+---Registers : 
	               67 Bit    Registers := 1     
	                2 Bit    Registers := 1     
	                1 Bit    Registers := 2     
+---Muxes : 
	   2 Input      1 Bit        Muxes := 2     
Module axi_mmu_v2_1_16_top 
Detailed RTL Component Info : 
+---Adders : 
	   2 Input      6 Bit       Adders := 3     
+---Registers : 
	                6 Bit    Registers := 3     
	                2 Bit    Registers := 1     
	                1 Bit    Registers := 1     
+---Muxes : 
	   2 Input     32 Bit        Muxes := 1     
	   2 Input     12 Bit        Muxes := 2     
	   3 Input      3 Bit        Muxes := 1     
	   2 Input      3 Bit        Muxes := 1     
	   2 Input      2 Bit        Muxes := 6     
	   3 Input      2 Bit        Muxes := 1     
	   2 Input      1 Bit        Muxes := 16    
	   3 Input      1 Bit        Muxes := 4     
---------------------------------------------------------------------------------
Finished RTL Hierarchical Component Statistics
---------------------------------------------------------------------------------
---------------------------------------------------------------------------------
Start Part Resource Summary
---------------------------------------------------------------------------------
Part Resources:
DSPs: 220 (col length:60)
BRAMs: 280 (col length: RAMB18 60 RAMB36 30)
---------------------------------------------------------------------------------
Finished Part Resource Summary
---------------------------------------------------------------------------------
---------------------------------------------------------------------------------
Start Cross Boundary and Area Optimization
---------------------------------------------------------------------------------
Warning: Parallel synthesis criteria is not met 
INFO: [Synth 8-5546] ROM "inst/decerr_slave_inst/gen_axi.gen_read.s_axi_rlast_i" won't be mapped to RAM because it is too sparse
INFO: [Synth 8-5546] ROM "inst/decerr_slave_inst/gen_axi.gen_read.read_cs" won't be mapped to RAM because it is too sparse
INFO: [Synth 8-3886] merging instance 'inst/aresetn_d_reg[0]' (FDR) to 'inst/register_slice_inst/ar.ar_pipe/aresetn_d_reg[0]'
INFO: [Synth 8-3886] merging instance 'inst/register_slice_inst/ar.ar_pipe/aresetn_d_reg[1]' (FDR) to 'inst/aresetn_d_reg[1]'
INFO: [Synth 8-3886] merging instance 'inst/register_slice_inst/ar.ar_pipe/aresetn_d_reg[0]' (FDR) to 'inst/register_slice_inst/aw.aw_pipe/aresetn_d_reg[0]'
INFO: [Synth 8-3886] merging instance 'inst/aresetn_d_reg[1]' (FDR) to 'inst/register_slice_inst/aw.aw_pipe/aresetn_d_reg[1]'
INFO: [Synth 8-3332] Sequential element (inst/FSM_onehot_gen_write.w_state_reg[0]) is unused and will be removed from module system_s00_mmu_0.
---------------------------------------------------------------------------------
Finished Cross Boundary and Area Optimization : Time (s): cpu = 00:00:18 ; elapsed = 00:00:21 . Memory (MB): peak = 810.496 ; gain = 510.449
---------------------------------------------------------------------------------

Report RTL Partitions: 
+-+--------------+------------+----------+
| |RTL Partition |Replication |Instances |
+-+--------------+------------+----------+
+-+--------------+------------+----------+
---------------------------------------------------------------------------------
Start Applying XDC Timing Constraints
---------------------------------------------------------------------------------
---------------------------------------------------------------------------------
Finished Applying XDC Timing Constraints : Time (s): cpu = 00:00:28 ; elapsed = 00:00:33 . Memory (MB): peak = 810.496 ; gain = 510.449
---------------------------------------------------------------------------------
---------------------------------------------------------------------------------
Start Timing Optimization
---------------------------------------------------------------------------------
---------------------------------------------------------------------------------
Finished Timing Optimization : Time (s): cpu = 00:00:28 ; elapsed = 00:00:33 . Memory (MB): peak = 810.496 ; gain = 510.449
---------------------------------------------------------------------------------

Report RTL Partitions: 
+-+--------------+------------+----------+
| |RTL Partition |Replication |Instances |
+-+--------------+------------+----------+
+-+--------------+------------+----------+
---------------------------------------------------------------------------------
Start Technology Mapping
---------------------------------------------------------------------------------
---------------------------------------------------------------------------------
Finished Technology Mapping : Time (s): cpu = 00:00:29 ; elapsed = 00:00:33 . Memory (MB): peak = 831.109 ; gain = 531.063
---------------------------------------------------------------------------------

Report RTL Partitions: 
+-+--------------+------------+----------+
| |RTL Partition |Replication |Instances |
+-+--------------+------------+----------+
+-+--------------+------------+----------+
---------------------------------------------------------------------------------
Start IO Insertion
---------------------------------------------------------------------------------
---------------------------------------------------------------------------------
Start Flattening Before IO Insertion
---------------------------------------------------------------------------------
---------------------------------------------------------------------------------
Finished Flattening Before IO Insertion
---------------------------------------------------------------------------------
---------------------------------------------------------------------------------
Start Final Netlist Cleanup
---------------------------------------------------------------------------------
---------------------------------------------------------------------------------
Finished Final Netlist Cleanup
---------------------------------------------------------------------------------
---------------------------------------------------------------------------------
Finished IO Insertion : Time (s): cpu = 00:00:30 ; elapsed = 00:00:35 . Memory (MB): peak = 831.109 ; gain = 531.063
---------------------------------------------------------------------------------

Report Check Netlist: 
+------+------------------+-------+---------+-------+------------------+
|      |Item              |Errors |Warnings |Status |Description       |
+------+------------------+-------+---------+-------+------------------+
|1     |multi_driven_nets |      0|        0|Passed |Multi driven nets |
+------+------------------+-------+---------+-------+------------------+
---------------------------------------------------------------------------------
Start Renaming Generated Instances
---------------------------------------------------------------------------------
---------------------------------------------------------------------------------
Finished Renaming Generated Instances : Time (s): cpu = 00:00:30 ; elapsed = 00:00:35 . Memory (MB): peak = 831.109 ; gain = 531.063
---------------------------------------------------------------------------------

Report RTL Partitions: 
+-+--------------+------------+----------+
| |RTL Partition |Replication |Instances |
+-+--------------+------------+----------+
+-+--------------+------------+----------+
---------------------------------------------------------------------------------
Start Rebuilding User Hierarchy
---------------------------------------------------------------------------------
---------------------------------------------------------------------------------
Finished Rebuilding User Hierarchy : Time (s): cpu = 00:00:30 ; elapsed = 00:00:35 . Memory (MB): peak = 831.109 ; gain = 531.063
---------------------------------------------------------------------------------
---------------------------------------------------------------------------------
Start Renaming Generated Ports
---------------------------------------------------------------------------------
---------------------------------------------------------------------------------
Finished Renaming Generated Ports : Time (s): cpu = 00:00:30 ; elapsed = 00:00:35 . Memory (MB): peak = 831.109 ; gain = 531.063
---------------------------------------------------------------------------------
---------------------------------------------------------------------------------
Start Handling Custom Attributes
---------------------------------------------------------------------------------
---------------------------------------------------------------------------------
Finished Handling Custom Attributes : Time (s): cpu = 00:00:30 ; elapsed = 00:00:35 . Memory (MB): peak = 831.109 ; gain = 531.063
---------------------------------------------------------------------------------
---------------------------------------------------------------------------------
Start Renaming Generated Nets
---------------------------------------------------------------------------------
---------------------------------------------------------------------------------
Finished Renaming Generated Nets : Time (s): cpu = 00:00:30 ; elapsed = 00:00:35 . Memory (MB): peak = 831.109 ; gain = 531.063
---------------------------------------------------------------------------------
---------------------------------------------------------------------------------
Start Writing Synthesis Report
---------------------------------------------------------------------------------

Report BlackBoxes: 
+-+--------------+----------+
| |BlackBox name |Instances |
+-+--------------+----------+
+-+--------------+----------+

Report Cell Usage: 
+------+-----+------+
|      |Cell |Count |
+------+-----+------+
|1     |LUT1 |     7|
|2     |LUT2 |     9|
|3     |LUT3 |    61|
|4     |LUT4 |    39|
|5     |LUT5 |    26|
|6     |LUT6 |    29|
|7     |FDRE |   203|
|8     |FDSE |     1|
+------+-----+------+

Report Instance Areas: 
+------+------------------------+-------------------------------------------------+------+
|      |Instance                |Module                                           |Cells |
+------+------------------------+-------------------------------------------------+------+
|1     |top                     |                                                 |   375|
|2     |  inst                  |axi_mmu_v2_1_16_top                              |   375|
|3     |    decerr_slave_inst   |axi_mmu_v2_1_16_decerr_slave                     |   101|
|4     |    register_slice_inst |axi_register_slice_v2_1_18_axi_register_slice    |   192|
|5     |      \ar.ar_pipe       |axi_register_slice_v2_1_18_axic_register_slice   |    92|
|6     |      \aw.aw_pipe       |axi_register_slice_v2_1_18_axic_register_slice_0 |   100|
+------+------------------------+-------------------------------------------------+------+
---------------------------------------------------------------------------------
Finished Writing Synthesis Report : Time (s): cpu = 00:00:30 ; elapsed = 00:00:35 . Memory (MB): peak = 831.109 ; gain = 531.063
---------------------------------------------------------------------------------
Synthesis finished with 0 errors, 0 critical warnings and 0 warnings.
Synthesis Optimization Runtime : Time (s): cpu = 00:00:18 ; elapsed = 00:00:26 . Memory (MB): peak = 831.109 ; gain = 181.895
Synthesis Optimization Complete : Time (s): cpu = 00:00:30 ; elapsed = 00:00:35 . Memory (MB): peak = 831.109 ; gain = 531.063
INFO: [Project 1-571] Translating synthesized netlist
INFO: [Project 1-570] Preparing netlist for logic optimization
INFO: [Opt 31-138] Pushed 0 inverter(s) to 0 load pin(s).
Netlist sorting complete. Time (s): cpu = 00:00:00 ; elapsed = 00:00:00.001 . Memory (MB): peak = 836.340 ; gain = 0.000
INFO: [Project 1-111] Unisim Transformation Summary:
No Unisim elements were transformed.

INFO: [Common 17-83] Releasing license: Synthesis
56 Infos, 41 Warnings, 10 Critical Warnings and 0 Errors encountered.
synth_design completed successfully
synth_design: Time (s): cpu = 00:00:33 ; elapsed = 00:00:38 . Memory (MB): peak = 836.340 ; gain = 543.402
INFO: [Coretcl 2-1174] Renamed 5 cell refs.
Netlist sorting complete. Time (s): cpu = 00:00:00 ; elapsed = 00:00:00 . Memory (MB): peak = 836.340 ; gain = 0.000
WARNING: [Constraints 18-5210] No constraints selected for write.
Resolution: This message can indicate that there are no constraints for the design, or it can indicate that the used_in flags are set such that the constraints are ignored. This later case is used when running synth_design to not write synthesis constraints to the resulting checkpoint. Instead, project constraints are read when the synthesized design is opened.
INFO: [Common 17-1381] The checkpoint 'D:/xilinx_projects/pca_test/ov5640_single.runs/system_s00_mmu_0_synth_1/system_s00_mmu_0.dcp' has been generated.
INFO: [runtcl-4] Executing : report_utilization -file system_s00_mmu_0_utilization_synth.rpt -pb system_s00_mmu_0_utilization_synth.pb
INFO: [Common 17-206] Exiting Vivado at Thu Sep 26 16:25:02 2019...
