Copyright 1986-2018 Xilinx, Inc. All Rights Reserved.
----------------------------------------------------------------------------------------------------------------------------------------------------------------
| Tool Version     : Vivado v.2018.3 (win64) Build 2405991 Thu Dec  6 23:38:27 MST 2018
| Date             : Thu Sep 26 16:56:24 2019
| Host             : DESKTOP-OEA53QH running 64-bit major release  (build 9200)
| Command          : report_power -file system_wrapper_power_routed.rpt -pb system_wrapper_power_summary_routed.pb -rpx system_wrapper_power_routed.rpx
| Design           : system_wrapper
| Device           : xc7z020clg400-2
| Design State     : routed
| Grade            : commercial
| Process          : typical
| Characterization : Production
----------------------------------------------------------------------------------------------------------------------------------------------------------------

Power Report

Table of Contents
-----------------
1. Summary
1.1 On-Chip Components
1.2 Power Supply Summary
1.3 Confidence Level
2. Settings
2.1 Environment
2.2 Clock Constraints
3. Detailed Reports
3.1 By Hierarchy

1. Summary
----------

+--------------------------+--------------+
| Total On-Chip Power (W)  | 2.425        |
| Design Power Budget (W)  | Unspecified* |
| Power Budget Margin (W)  | NA           |
| Dynamic (W)              | 2.255        |
| Device Static (W)        | 0.170        |
| Effective TJA (C/W)      | 11.5         |
| Max Ambient (C)          | 57.0         |
| Junction Temperature (C) | 53.0         |
| Confidence Level         | Low          |
| Setting File             | ---          |
| Simulation Activity File | ---          |
| Design Nets Matched      | NA           |
+--------------------------+--------------+
* Specify Design Power Budget using, set_operating_conditions -design_power_budget <value in Watts>


1.1 On-Chip Components
----------------------

+--------------------------+-----------+----------+-----------+-----------------+
| On-Chip                  | Power (W) | Used     | Available | Utilization (%) |
+--------------------------+-----------+----------+-----------+-----------------+
| Clocks                   |     0.127 |        9 |       --- |             --- |
| Slice Logic              |     0.068 |    78180 |       --- |             --- |
|   LUT as Logic           |     0.054 |    23684 |     53200 |           44.52 |
|   Register               |     0.005 |    40012 |    106400 |           37.61 |
|   CARRY4                 |     0.004 |     1531 |     13300 |           11.51 |
|   LUT as Distributed RAM |     0.003 |     1242 |     17400 |            7.14 |
|   LUT as Shift Register  |    <0.001 |     1318 |     17400 |            7.57 |
|   F7/F8 Muxes            |    <0.001 |      644 |     53200 |            1.21 |
|   BUFG                   |    <0.001 |        1 |        32 |            3.13 |
|   Others                 |     0.000 |     2934 |       --- |             --- |
| Signals                  |     0.100 |    58691 |       --- |             --- |
| Block RAM                |     0.040 |       22 |       140 |           15.71 |
| MMCM                     |     0.107 |        1 |         4 |           25.00 |
| DSPs                     |     0.023 |       35 |       220 |           15.91 |
| I/O                      |     0.140 |       23 |       125 |           18.40 |
| PS7                      |     1.650 |        1 |       --- |             --- |
| Static Power             |     0.170 |          |           |                 |
| Total                    |     2.425 |          |           |                 |
+--------------------------+-----------+----------+-----------+-----------------+


1.2 Power Supply Summary
------------------------

+-----------+-------------+-----------+-------------+------------+
| Source    | Voltage (V) | Total (A) | Dynamic (A) | Static (A) |
+-----------+-------------+-----------+-------------+------------+
| Vccint    |       1.000 |     0.381 |       0.359 |      0.022 |
| Vccaux    |       1.800 |     0.077 |       0.059 |      0.018 |
| Vcco33    |       3.300 |     0.043 |       0.042 |      0.001 |
| Vcco25    |       2.500 |     0.000 |       0.000 |      0.000 |
| Vcco18    |       1.800 |     0.000 |       0.000 |      0.000 |
| Vcco15    |       1.500 |     0.000 |       0.000 |      0.000 |
| Vcco135   |       1.350 |     0.000 |       0.000 |      0.000 |
| Vcco12    |       1.200 |     0.000 |       0.000 |      0.000 |
| Vccaux_io |       1.800 |     0.000 |       0.000 |      0.000 |
| Vccbram   |       1.000 |     0.005 |       0.002 |      0.003 |
| MGTAVcc   |       1.000 |     0.000 |       0.000 |      0.000 |
| MGTAVtt   |       1.200 |     0.000 |       0.000 |      0.000 |
| MGTVccaux |       1.800 |     0.000 |       0.000 |      0.000 |
| Vccpint   |       1.000 |     0.834 |       0.794 |      0.040 |
| Vccpaux   |       1.800 |     0.085 |       0.075 |      0.010 |
| Vccpll    |       1.800 |     0.017 |       0.014 |      0.003 |
| Vcco_ddr  |       1.500 |     0.459 |       0.457 |      0.002 |
| Vcco_mio0 |       3.300 |     0.003 |       0.002 |      0.001 |
| Vcco_mio1 |       1.800 |     0.004 |       0.003 |      0.001 |
| Vccadc    |       1.800 |     0.020 |       0.000 |      0.020 |
+-----------+-------------+-----------+-------------+------------+


1.3 Confidence Level
--------------------

+-----------------------------+------------+--------------------------------------------------------+------------------------------------------------------------------------------------------------------------+
| User Input Data             | Confidence | Details                                                | Action                                                                                                     |
+-----------------------------+------------+--------------------------------------------------------+------------------------------------------------------------------------------------------------------------+
| Design implementation state | High       | Design is routed                                       |                                                                                                            |
| Clock nodes activity        | High       | User specified more than 95% of clocks                 |                                                                                                            |
| I/O nodes activity          | Low        | More than 75% of inputs are missing user specification | Provide missing input activity with simulation results or by editing the "By Resource Type -> I/Os" view   |
| Internal nodes activity     | Medium     | User specified less than 25% of internal nodes         | Provide missing internal nodes activity with simulation results or by editing the "By Resource Type" views |
| Device models               | High       | Device models are Production                           |                                                                                                            |
|                             |            |                                                        |                                                                                                            |
| Overall confidence level    | Low        |                                                        |                                                                                                            |
+-----------------------------+------------+--------------------------------------------------------+------------------------------------------------------------------------------------------------------------+


2. Settings
-----------

2.1 Environment
---------------

+-----------------------+------------------------+
| Ambient Temp (C)      | 25.0                   |
| ThetaJA (C/W)         | 11.5                   |
| Airflow (LFM)         | 250                    |
| Heat Sink             | none                   |
| ThetaSA (C/W)         | 0.0                    |
| Board Selection       | medium (10"x10")       |
| # of Board Layers     | 8to11 (8 to 11 Layers) |
| Board Temperature (C) | 25.0                   |
+-----------------------+------------------------+


2.2 Clock Constraints
---------------------

+--------------------------------------------------------------------------------------------+----------------------------------------------------------------------+-----------------+
| Clock                                                                                      | Domain                                                               | Constraint (ns) |
+--------------------------------------------------------------------------------------------+----------------------------------------------------------------------+-----------------+
| I                                                                                          | system_i/axi_dynclk_0/U0/Inst_mmcme2_drp/I                           |             2.0 |
| I                                                                                          | system_i/axi_dynclk_0/U0/PXL_CLK_5X_O                                |             2.0 |
| axi_dynclk_0_PXL_CLK_O                                                                     | system_i/axi_dynclk_0/U0/PXL_CLK_O                                   |            10.0 |
| clk_fpga_0                                                                                 | system_i/processing_system7_0/inst/FCLK_CLK_unbuffered[0]            |            10.0 |
| clk_fpga_1                                                                                 | system_i/processing_system7_0/inst/FCLK_CLK_unbuffered[1]            |             7.0 |
| dbg_hub/inst/BSCANID.u_xsdbm_id/SWITCH_N_EXT_BSCAN.bscan_inst/SERIES7_BSCAN.bscan_inst/TCK | dbg_hub/inst/BSCANID.u_xsdbm_id/SWITCH_N_EXT_BSCAN.bscan_inst/tck_bs |            33.0 |
| mmcm_fbclk_out                                                                             | system_i/axi_dynclk_0/U0/Inst_mmcme2_drp/mmcm_fbclk_out              |            10.0 |
+--------------------------------------------------------------------------------------------+----------------------------------------------------------------------+-----------------+


3. Detailed Reports
-------------------

3.1 By Hierarchy
----------------

+-------------------------------------+-----------+
| Name                                | Power (W) |
+-------------------------------------+-----------+
| system_wrapper                      |     2.255 |
|   cmos1_i2c_scl_iobuf               |     0.004 |
|   cmos1_i2c_sda_iobuf               |     0.004 |
|   dbg_hub                           |     0.004 |
|     inst                            |     0.004 |
|       BSCANID.u_xsdbm_id            |     0.004 |
|   system_i                          |     2.242 |
|     alinx_ov5640_0                  |     0.008 |
|       inst                          |     0.008 |
|     axi_dynclk_0                    |     0.109 |
|       U0                            |     0.109 |
|     axi_mem_intercon                |     0.077 |
|       m00_couplers                  |     0.004 |
|       s02_couplers                  |     0.010 |
|       s03_couplers                  |     0.010 |
|       s04_couplers                  |     0.010 |
|       s05_couplers                  |     0.010 |
|       s06_couplers                  |     0.010 |
|       s07_couplers                  |     0.009 |
|       xbar                          |     0.011 |
|     axi_vdma_0                      |     0.013 |
|       U0                            |     0.013 |
|     axi_vdma_1                      |     0.018 |
|       U0                            |     0.018 |
|     conv1_0                         |     0.035 |
|       inst                          |     0.035 |
|     conv2_0                         |     0.065 |
|       inst                          |     0.065 |
|     hls_core_1_0                    |     0.025 |
|       inst                          |     0.025 |
|     pca_step1_0                     |     0.035 |
|       inst                          |     0.035 |
|     pca_step2_0                     |     0.024 |
|       inst                          |     0.024 |
|     processing_system7_0            |     1.655 |
|       inst                          |     1.655 |
|     processing_system7_0_axi_periph |     0.006 |
|       s00_couplers                  |     0.004 |
|       s00_mmu                       |     0.001 |
|       xbar                          |     0.001 |
|     rgb2dvi_0                       |     0.134 |
|       U0                            |     0.134 |
|     small_pic_0                     |     0.016 |
|       inst                          |     0.016 |
|     v_axi4s_vid_out_0               |     0.010 |
|       inst                          |     0.010 |
|     v_tc_0                          |     0.013 |
|       U0                            |     0.013 |
+-------------------------------------+-----------+


