#-----------------------------------------------------------
# Vivado v2018.3 (64-bit)
# SW Build 2405991 on Thu Dec  6 23:38:27 MST 2018
# IP Build 2404404 on Fri Dec  7 01:43:56 MST 2018
# Start of session at: Sun Jul 21 11:12:58 2019
# Process ID: 20660
# Current directory: D:/xilinx_projects/16_ov5640_single
# Command line: vivado.exe -gui_launcher_event rodinguilauncherevent14548 D:\xilinx_projects\16_ov5640_single\ov5640_single.xpr
# Log file: D:/xilinx_projects/16_ov5640_single/vivado.log
# Journal file: D:/xilinx_projects/16_ov5640_single\vivado.jou
#-----------------------------------------------------------
start_gui
open_project D:/xilinx_projects/16_ov5640_single/ov5640_single.xpr
INFO: [Project 1-313] Project file moved from 'D:/xilinx/xilinx/AX7020_2017/course_s2_sdk/16_ov5640_single' since last save.
Scanning sources...
Finished scanning sources
INFO: [IP_Flow 19-234] Refreshing IP repositories
INFO: [IP_Flow 19-1700] Loaded user IP repository 'd:/xilinx_projects/16_ov5640_single/repo'.
INFO: [IP_Flow 19-2313] Loaded Vivado IP repository 'C:/xilinx/Vivado/2018.3/data/ip'.
open_project: Time (s): cpu = 00:00:14 ; elapsed = 00:00:11 . Memory (MB): peak = 842.043 ; gain = 230.375
update_compile_order -fileset sources_1
INFO: [Vivado 12-4158] Exported Hardware file is out of date. Exported hardware information may be inconsistent with respect to the current state of the design. It is recommended that you re-export the design and launch SDK otherwise SDK is launched with out of date hardware system file.
launch_sdk -workspace D:/xilinx_projects/16_ov5640_single/ov5640_single.sdk -hwspec D:/xilinx_projects/16_ov5640_single/ov5640_single.sdk/system_wrapper.hdf
INFO: [Vivado 12-393] Launching SDK...
INFO: [Vivado 12-417] Running xsdk -workspace D:/xilinx_projects/16_ov5640_single/ov5640_single.sdk -hwspec D:/xilinx_projects/16_ov5640_single/ov5640_single.sdk/system_wrapper.hdf
INFO: [Vivado 12-3157] SDK launch initiated. Please check console for any further messages.
INFO: [Vivado 12-4158] Exported Hardware file is out of date. Exported hardware information may be inconsistent with respect to the current state of the design. It is recommended that you re-export the design and launch SDK otherwise SDK is launched with out of date hardware system file.
INFO: [Vivado 12-4159] Implementation run is out of date. Exported hardware information may be inconsistent with respect to the current state of the design. It is recommended that you re-run implementation and re-generate bitstream before doing hardware export.
file copy -force D:/xilinx_projects/16_ov5640_single/ov5640_single.runs/impl_1/system_wrapper.sysdef D:/xilinx_projects/16_ov5640_single/ov5640_single.sdk/system_wrapper.hdf

INFO: [Vivado 12-4158] Exported Hardware file is out of date. Exported hardware information may be inconsistent with respect to the current state of the design. It is recommended that you re-export the design and launch SDK otherwise SDK is launched with out of date hardware system file.
launch_sdk -workspace D:/xilinx_projects/16_ov5640_single/ov5640_single.sdk -hwspec D:/xilinx_projects/16_ov5640_single/ov5640_single.sdk/system_wrapper.hdf
INFO: [Vivado 12-393] Launching SDK...
INFO: [Vivado 12-417] Running xsdk -workspace D:/xilinx_projects/16_ov5640_single/ov5640_single.sdk -hwspec D:/xilinx_projects/16_ov5640_single/ov5640_single.sdk/system_wrapper.hdf
INFO: [Vivado 12-3157] SDK launch initiated. Please check console for any further messages.
reset_run synth_1
reset_run system_xlconcat_0_0_synth_1
launch_runs impl_1 -to_step write_bitstream -jobs 6
[Sun Jul 21 11:30:40 2019] Launched system_xlconcat_0_0_synth_1, synth_1...
Run output will be captured here:
system_xlconcat_0_0_synth_1: D:/xilinx_projects/16_ov5640_single/ov5640_single.runs/system_xlconcat_0_0_synth_1/runme.log
synth_1: D:/xilinx_projects/16_ov5640_single/ov5640_single.runs/synth_1/runme.log
[Sun Jul 21 11:30:40 2019] Launched impl_1...
Run output will be captured here: D:/xilinx_projects/16_ov5640_single/ov5640_single.runs/impl_1/runme.log
open_run impl_1
INFO: [Netlist 29-17] Analyzing 538 Unisim elements for replacement
INFO: [Netlist 29-28] Unisim Transformation completed in 0 CPU seconds
INFO: [Project 1-479] Netlist was created with Vivado 2018.3
INFO: [Device 21-403] Loading part xc7z020clg400-2
INFO: [Project 1-570] Preparing netlist for logic optimization
INFO: [Timing 38-478] Restoring timing data from binary archive.
INFO: [Timing 38-479] Binary timing data restore complete.
INFO: [Project 1-856] Restoring constraints from binary archive.
INFO: [Project 1-853] Binary constraint restore complete.
Reading XDEF placement.
Reading placer database...
Reading XDEF routing.
Read XDEF File: Time (s): cpu = 00:00:02 ; elapsed = 00:00:01 . Memory (MB): peak = 2004.906 ; gain = 1.828
Restored from archive | CPU: 2.000000 secs | Memory: 0.000000 MB |
Finished XDEF File Restore: Time (s): cpu = 00:00:02 ; elapsed = 00:00:01 . Memory (MB): peak = 2004.906 ; gain = 1.828
Netlist sorting complete. Time (s): cpu = 00:00:00 ; elapsed = 00:00:00.008 . Memory (MB): peak = 2004.906 ; gain = 0.000
INFO: [Project 1-111] Unisim Transformation Summary:
  A total of 73 instances were transformed.
  CFGLUT5 => CFGLUT5 (SRLC32E, SRL16E): 56 instances
  IOBUF => IOBUF (IBUF, OBUFT): 2 instances
  RAM32M => RAM32M (RAMD32, RAMD32, RAMD32, RAMD32, RAMD32, RAMD32, RAMS32, RAMS32): 11 instances
  RAM32X1D => RAM32X1D (RAMD32, RAMD32): 1 instances
  SRLC32E => SRL16E: 3 instances

WARNING: [Designutils 20-3303] unexpected site type 'IOPAD' in HDPYFinalizeIO
WARNING: [Designutils 20-3303] unexpected site type 'IOPAD' in HDPYFinalizeIO
WARNING: [Designutils 20-3303] unexpected site type 'IOPAD' in HDPYFinalizeIO
WARNING: [Designutils 20-3303] unexpected site type 'IOPAD' in HDPYFinalizeIO
WARNING: [Designutils 20-3303] unexpected site type 'IOPAD' in HDPYFinalizeIO
WARNING: [Designutils 20-3303] unexpected site type 'IOPAD' in HDPYFinalizeIO
WARNING: [Designutils 20-3303] unexpected site type 'IOPAD' in HDPYFinalizeIO
WARNING: [Designutils 20-3303] unexpected site type 'IOPAD' in HDPYFinalizeIO
WARNING: [Designutils 20-3303] unexpected site type 'IOPAD' in HDPYFinalizeIO
WARNING: [Designutils 20-3303] unexpected site type 'IOPAD' in HDPYFinalizeIO
WARNING: [Designutils 20-3303] unexpected site type 'IOPAD' in HDPYFinalizeIO
WARNING: [Designutils 20-3303] unexpected site type 'IOPAD' in HDPYFinalizeIO
WARNING: [Designutils 20-3303] unexpected site type 'IOPAD' in HDPYFinalizeIO
WARNING: [Designutils 20-3303] unexpected site type 'IOPAD' in HDPYFinalizeIO
WARNING: [Designutils 20-3303] unexpected site type 'IOPAD' in HDPYFinalizeIO
WARNING: [Designutils 20-3303] unexpected site type 'IOPAD' in HDPYFinalizeIO
WARNING: [Designutils 20-3303] unexpected site type 'IOPAD' in HDPYFinalizeIO
WARNING: [Designutils 20-3303] unexpected site type 'IOPAD' in HDPYFinalizeIO
WARNING: [Designutils 20-3303] unexpected site type 'IOPAD' in HDPYFinalizeIO
WARNING: [Designutils 20-3303] unexpected site type 'IOPAD' in HDPYFinalizeIO
WARNING: [Designutils 20-3303] unexpected site type 'IOPAD' in HDPYFinalizeIO
WARNING: [Designutils 20-3303] unexpected site type 'IOPAD' in HDPYFinalizeIO
WARNING: [Designutils 20-3303] unexpected site type 'IOPAD' in HDPYFinalizeIO
WARNING: [Designutils 20-3303] unexpected site type 'IOPAD' in HDPYFinalizeIO
WARNING: [Designutils 20-3303] unexpected site type 'IOPAD' in HDPYFinalizeIO
WARNING: [Designutils 20-3303] unexpected site type 'IOPAD' in HDPYFinalizeIO
WARNING: [Designutils 20-3303] unexpected site type 'IOPAD' in HDPYFinalizeIO
WARNING: [Designutils 20-3303] unexpected site type 'IOPAD' in HDPYFinalizeIO
WARNING: [Designutils 20-3303] unexpected site type 'IOPAD' in HDPYFinalizeIO
WARNING: [Designutils 20-3303] unexpected site type 'IOPAD' in HDPYFinalizeIO
WARNING: [Designutils 20-3303] unexpected site type 'IOPAD' in HDPYFinalizeIO
WARNING: [Designutils 20-3303] unexpected site type 'IOPAD' in HDPYFinalizeIO
WARNING: [Designutils 20-3303] unexpected site type 'IOPAD' in HDPYFinalizeIO
WARNING: [Designutils 20-3303] unexpected site type 'IOPAD' in HDPYFinalizeIO
WARNING: [Designutils 20-3303] unexpected site type 'IOPAD' in HDPYFinalizeIO
WARNING: [Designutils 20-3303] unexpected site type 'IOPAD' in HDPYFinalizeIO
WARNING: [Designutils 20-3303] unexpected site type 'IOPAD' in HDPYFinalizeIO
WARNING: [Designutils 20-3303] unexpected site type 'IOPAD' in HDPYFinalizeIO
WARNING: [Designutils 20-3303] unexpected site type 'IOPAD' in HDPYFinalizeIO
WARNING: [Designutils 20-3303] unexpected site type 'IOPAD' in HDPYFinalizeIO
WARNING: [Designutils 20-3303] unexpected site type 'IOPAD' in HDPYFinalizeIO
WARNING: [Designutils 20-3303] unexpected site type 'IOPAD' in HDPYFinalizeIO
WARNING: [Designutils 20-3303] unexpected site type 'IOPAD' in HDPYFinalizeIO
WARNING: [Designutils 20-3303] unexpected site type 'IOPAD' in HDPYFinalizeIO
WARNING: [Designutils 20-3303] unexpected site type 'IOPAD' in HDPYFinalizeIO
WARNING: [Designutils 20-3303] unexpected site type 'IOPAD' in HDPYFinalizeIO
WARNING: [Designutils 20-3303] unexpected site type 'IOPAD' in HDPYFinalizeIO
WARNING: [Designutils 20-3303] unexpected site type 'IOPAD' in HDPYFinalizeIO
WARNING: [Designutils 20-3303] unexpected site type 'IOPAD' in HDPYFinalizeIO
WARNING: [Designutils 20-3303] unexpected site type 'IOPAD' in HDPYFinalizeIO
WARNING: [Designutils 20-3303] unexpected site type 'IOPAD' in HDPYFinalizeIO
WARNING: [Designutils 20-3303] unexpected site type 'IOPAD' in HDPYFinalizeIO
WARNING: [Designutils 20-3303] unexpected site type 'IOPAD' in HDPYFinalizeIO
WARNING: [Designutils 20-3303] unexpected site type 'IOPAD' in HDPYFinalizeIO
WARNING: [Designutils 20-3303] unexpected site type 'IOPAD' in HDPYFinalizeIO
WARNING: [Designutils 20-3303] unexpected site type 'IOPAD' in HDPYFinalizeIO
WARNING: [Designutils 20-3303] unexpected site type 'IOPAD' in HDPYFinalizeIO
WARNING: [Designutils 20-3303] unexpected site type 'IOPAD' in HDPYFinalizeIO
WARNING: [Designutils 20-3303] unexpected site type 'IOPAD' in HDPYFinalizeIO
WARNING: [Designutils 20-3303] unexpected site type 'IOPAD' in HDPYFinalizeIO
WARNING: [Designutils 20-3303] unexpected site type 'IOPAD' in HDPYFinalizeIO
WARNING: [Designutils 20-3303] unexpected site type 'IOPAD' in HDPYFinalizeIO
WARNING: [Designutils 20-3303] unexpected site type 'IOPAD' in HDPYFinalizeIO
WARNING: [Designutils 20-3303] unexpected site type 'IOPAD' in HDPYFinalizeIO
WARNING: [Designutils 20-3303] unexpected site type 'IOPAD' in HDPYFinalizeIO
WARNING: [Designutils 20-3303] unexpected site type 'IOPAD' in HDPYFinalizeIO
WARNING: [Designutils 20-3303] unexpected site type 'IOPAD' in HDPYFinalizeIO
WARNING: [Designutils 20-3303] unexpected site type 'IOPAD' in HDPYFinalizeIO
WARNING: [Designutils 20-3303] unexpected site type 'IOPAD' in HDPYFinalizeIO
WARNING: [Designutils 20-3303] unexpected site type 'IOPAD' in HDPYFinalizeIO
WARNING: [Designutils 20-3303] unexpected site type 'IOPAD' in HDPYFinalizeIO
WARNING: [Designutils 20-3303] unexpected site type 'IOPAD' in HDPYFinalizeIO
WARNING: [Designutils 20-3303] unexpected site type 'IOPAD' in HDPYFinalizeIO
WARNING: [Designutils 20-3303] unexpected site type 'IOPAD' in HDPYFinalizeIO
WARNING: [Designutils 20-3303] unexpected site type 'IOPAD' in HDPYFinalizeIO
WARNING: [Designutils 20-3303] unexpected site type 'IOPAD' in HDPYFinalizeIO
WARNING: [Designutils 20-3303] unexpected site type 'IOPAD' in HDPYFinalizeIO
WARNING: [Designutils 20-3303] unexpected site type 'IOPAD' in HDPYFinalizeIO
WARNING: [Designutils 20-3303] unexpected site type 'IOPAD' in HDPYFinalizeIO
WARNING: [Designutils 20-3303] unexpected site type 'IOPAD' in HDPYFinalizeIO
WARNING: [Designutils 20-3303] unexpected site type 'IOPAD' in HDPYFinalizeIO
WARNING: [Designutils 20-3303] unexpected site type 'IOPAD' in HDPYFinalizeIO
WARNING: [Designutils 20-3303] unexpected site type 'IOPAD' in HDPYFinalizeIO
WARNING: [Designutils 20-3303] unexpected site type 'IOPAD' in HDPYFinalizeIO
WARNING: [Designutils 20-3303] unexpected site type 'IOPAD' in HDPYFinalizeIO
WARNING: [Designutils 20-3303] unexpected site type 'IOPAD' in HDPYFinalizeIO
WARNING: [Designutils 20-3303] unexpected site type 'IOPAD' in HDPYFinalizeIO
WARNING: [Designutils 20-3303] unexpected site type 'IOPAD' in HDPYFinalizeIO
WARNING: [Designutils 20-3303] unexpected site type 'IOPAD' in HDPYFinalizeIO
WARNING: [Designutils 20-3303] unexpected site type 'IOPAD' in HDPYFinalizeIO
WARNING: [Designutils 20-3303] unexpected site type 'IOPAD' in HDPYFinalizeIO
WARNING: [Designutils 20-3303] unexpected site type 'IOPAD' in HDPYFinalizeIO
WARNING: [Designutils 20-3303] unexpected site type 'IOPAD' in HDPYFinalizeIO
WARNING: [Designutils 20-3303] unexpected site type 'IOPAD' in HDPYFinalizeIO
WARNING: [Designutils 20-3303] unexpected site type 'IOPAD' in HDPYFinalizeIO
WARNING: [Designutils 20-3303] unexpected site type 'IOPAD' in HDPYFinalizeIO
WARNING: [Designutils 20-3303] unexpected site type 'IOPAD' in HDPYFinalizeIO
WARNING: [Designutils 20-3303] unexpected site type 'IOPAD' in HDPYFinalizeIO
WARNING: [Designutils 20-3303] unexpected site type 'IOPAD' in HDPYFinalizeIO
WARNING: [Designutils 20-3303] unexpected site type 'IOPAD' in HDPYFinalizeIO
INFO: [Common 17-14] Message 'Designutils 20-3303' appears 100 times and further instances of the messages will be disabled. Use the Tcl command set_msg_config to change the current settings.
open_run: Time (s): cpu = 00:00:29 ; elapsed = 00:00:21 . Memory (MB): peak = 2123.941 ; gain = 653.492
open_report: Time (s): cpu = 00:00:09 ; elapsed = 00:00:05 . Memory (MB): peak = 2239.383 ; gain = 105.492
WARNING: [Timing 38-436] There are set_bus_skew constraint(s) in this design. Please run report_bus_skew to ensure that bus skew requirements are met.
file copy -force D:/xilinx_projects/16_ov5640_single/ov5640_single.runs/impl_1/system_wrapper.sysdef D:/xilinx_projects/16_ov5640_single/ov5640_single.sdk/system_wrapper.hdf

launch_sdk -workspace D:/xilinx_projects/16_ov5640_single/ov5640_single.sdk -hwspec D:/xilinx_projects/16_ov5640_single/ov5640_single.sdk/system_wrapper.hdf
INFO: [Vivado 12-393] Launching SDK...
INFO: [Vivado 12-417] Running xsdk -workspace D:/xilinx_projects/16_ov5640_single/ov5640_single.sdk -hwspec D:/xilinx_projects/16_ov5640_single/ov5640_single.sdk/system_wrapper.hdf
INFO: [Vivado 12-3157] SDK launch initiated. Please check console for any further messages.
open_bd_design {D:/xilinx_projects/16_ov5640_single/ov5640_single.srcs/sources_1/bd/system/system.bd}
Adding cell -- digilentinc.com:ip:axi_dynclk:1.0 - axi_dynclk_0
Adding cell -- xilinx.com:ip:processing_system7:5.5 - processing_system7_0
Adding cell -- digilentinc.com:ip:rgb2dvi:1.3 - rgb2dvi_0
Adding cell -- xilinx.com:ip:xlconcat:2.1 - xlconcat_0
Adding cell -- www.alinx.com.cn:user:alinx_ov5640:5.4 - alinx_ov5640_0
Adding cell -- xilinx.com:ip:axi_gpio:2.0 - cmos_rst
Adding cell -- xilinx.com:ip:axi_interconnect:2.1 - axi_mem_intercon
Adding cell -- xilinx.com:ip:axi_crossbar:2.1 - xbar
Adding cell -- xilinx.com:ip:axi_protocol_converter:2.1 - auto_pc
Adding cell -- xilinx.com:ip:axi_vdma:6.3 - axi_vdma_0
Adding cell -- xilinx.com:ip:axi_vdma:6.3 - axi_vdma_1
Adding cell -- xilinx.com:ip:axis_subset_converter:1.1 - axis_subset_converter_0
Adding cell -- xilinx.com:ip:axi_interconnect:2.1 - processing_system7_0_axi_periph
Adding cell -- xilinx.com:ip:axi_crossbar:2.1 - xbar
Adding cell -- xilinx.com:ip:axi_protocol_converter:2.1 - auto_pc
Adding cell -- xilinx.com:ip:proc_sys_reset:5.0 - rst_processing_system7_0_100M
Adding cell -- xilinx.com:ip:proc_sys_reset:5.0 - rst_processing_system7_0_150M
Adding cell -- xilinx.com:ip:v_axi4s_vid_out:4.0 - v_axi4s_vid_out_0
Adding cell -- xilinx.com:ip:v_tc:6.1 - v_tc_0
Adding cell -- xilinx.com:ip:xlconstant:1.1 - xlconstant_1
WARNING: [BD 41-1731] Type mismatch between connected pins: /axi_dynclk_0/LOCKED_O(undef) and /rgb2dvi_0/aRst_n(rst)
Successfully read diagram <system> from BD file <D:/xilinx_projects/16_ov5640_single/ov5640_single.srcs/sources_1/bd/system/system.bd>
set_property  ip_repo_paths  {d:/xilinx_projects/16_ov5640_single/repo D:/xilinx_projects/16_ov5640_single/repo/ip} [current_project]
update_ip_catalog
INFO: [IP_Flow 19-234] Refreshing IP repositories
INFO: [IP_Flow 19-1700] Loaded user IP repository 'd:/xilinx_projects/16_ov5640_single/repo'.
WARNING: [IP_Flow 19-3685] Ignored loading user repository 'd:/xilinx_projects/16_ov5640_single/repo/ip'. The path is contained within another repository.
update_ip_catalog -add_ip D:/xilinx_projects/16_ov5640_single/repo/ip/xilinx_com_hls_hls_core_1_1_0.zip -repo_path d:/xilinx_projects/16_ov5640_single/repo/ip
CRITICAL WARNING: [IP_Flow 19-2246] Failed to add IP 'D:/xilinx_projects/16_ov5640_single/repo/ip/xilinx_com_hls_hls_core_1_1_0.zip' to repository 'd:/xilinx_projects/16_ov5640_single/repo/ip' because the specified repository is not valid.
0
set_property  ip_repo_paths  d:/xilinx_projects/16_ov5640_single/repo [current_project]
update_ip_catalog
INFO: [IP_Flow 19-234] Refreshing IP repositories
INFO: [IP_Flow 19-1700] Loaded user IP repository 'd:/xilinx_projects/16_ov5640_single/repo'.
update_ip_catalog -add_ip D:/xilinx_projects/16_ov5640_single/repo/ip/xilinx_com_hls_hls_core_1_1_0.zip -repo_path d:/xilinx_projects/16_ov5640_single/repo
INFO: [IP_Flow 19-949] Unzipped 'D:/xilinx_projects/16_ov5640_single/repo/ip/xilinx_com_hls_hls_core_1_1_0.zip' into repository 'd:/xilinx_projects/16_ov5640_single/repo'.
INFO: [IP_Flow 19-725] Reloaded user IP repository 'd:/xilinx_projects/16_ov5640_single/repo'
CRITICAL WARNING: [IP_Flow 19-1663] Duplicate IP found for 'xilinx.com:hls:hls_core_1:1.0'. The one found in IP location 'd:/xilinx_projects/16_ov5640_single/repo/ip/xilinx_com_hls_hls_core_1_1_0' will take precedence over the same IP in location d:/xilinx_projects/16_ov5640_single/repo/xilinx_com_hls_hls_core_1_1_0
startgroup
create_bd_cell -type ip -vlnv xilinx.com:hls:hls_core_1:1.0 hls_core_1_0
endgroup
set_property location {4 1258 990} [get_bd_cells hls_core_1_0]
startgroup
apply_bd_automation -rule xilinx.com:bd_rule:axi4 -config { Clk_master {/processing_system7_0/FCLK_CLK0 (100 MHz)} Clk_slave {Auto} Clk_xbar {/processing_system7_0/FCLK_CLK0 (100 MHz)} Master {/processing_system7_0/M_AXI_GP0} Slave {/hls_core_1_0/s_axi_AXILiteS} intc_ip {/processing_system7_0_axi_periph} master_apm {0}}  [get_bd_intf_pins hls_core_1_0/s_axi_AXILiteS]
</hls_core_1_0/s_axi_AXILiteS/Reg> is being mapped into </processing_system7_0/Data> at <0x43C20000 [ 64K ]>
apply_bd_automation -rule xilinx.com:bd_rule:axi4 -config { Clk_master {Auto} Clk_slave {/processing_system7_0/FCLK_CLK1 (142 MHz)} Clk_xbar {/processing_system7_0/FCLK_CLK1 (142 MHz)} Master {/hls_core_1_0/m_axi_gmem} Slave {/processing_system7_0/S_AXI_HP0} intc_ip {/axi_mem_intercon} master_apm {0}}  [get_bd_intf_pins hls_core_1_0/m_axi_gmem]
</processing_system7_0/S_AXI_HP0/HP0_DDR_LOWOCM> is being mapped into </hls_core_1_0/Data_m_axi_gmem> at <0x00000000 [ 1G ]>
endgroup
WARNING: [IP_Flow 19-474] Invalid Parameter 'Component_Name'
WARNING: [IP_Flow 19-474] Invalid Parameter 'Component_Name'
startgroup
set_property -dict [list CONFIG.NUM_PORTS {3} CONFIG.dout_width {3}] [get_bd_cells xlconcat_0]
CRITICAL WARNING: [BD 41-737] Cannot set the parameter dout_width on /xlconcat_0. It is read-only.
endgroup
startgroup
endgroup
connect_bd_net [get_bd_pins hls_core_1_0/interrupt] [get_bd_pins xlconcat_0/In2]
save_bd_design
Wrote  : <D:\xilinx_projects\16_ov5640_single\ov5640_single.srcs\sources_1\bd\system\system.bd> 
Wrote  : <D:/xilinx_projects/16_ov5640_single/ov5640_single.srcs/sources_1/bd/system/ui/bd_c954508f.ui> 
validate_bd_design
WARNING: [BD 41-1284] Cannot set parameter SUGGESTED_PRIORITY on port /processing_system7_0/IRQ_F2P
WARNING: [BD 41-1284] Cannot set parameter SUGGESTED_PRIORITY on port /processing_system7_0/IRQ_F2P
WARNING: [BD 41-1284] Cannot set parameter SUGGESTED_PRIORITY on port /processing_system7_0/IRQ_F2P
WARNING: [BD 41-1284] Cannot set parameter SUGGESTED_PRIORITY on port /processing_system7_0/IRQ_F2P
WARNING: [BD 41-1284] Cannot set parameter SUGGESTED_PRIORITY on port /processing_system7_0/IRQ_F2P
WARNING: [BD 41-1284] Cannot set parameter SUGGESTED_PRIORITY on port /processing_system7_0/IRQ_F2P
INFO: [Common 17-365] Interrupt caught but 'validate_bd_design' cannot be canceled. Please wait for command to finish.
WARNING: [BD 41-1284] Cannot set parameter SUGGESTED_PRIORITY on port /processing_system7_0/IRQ_F2P
WARNING: [BD 41-1284] Cannot set parameter SUGGESTED_PRIORITY on port /processing_system7_0/IRQ_F2P
WARNING: [BD 41-1284] Cannot set parameter SUGGESTED_PRIORITY on port /processing_system7_0/IRQ_F2P
WARNING: [BD 41-1284] Cannot set parameter SUGGESTED_PRIORITY on port /processing_system7_0/IRQ_F2P
WARNING: [BD 41-1284] Cannot set parameter SUGGESTED_PRIORITY on port /processing_system7_0/IRQ_F2P
WARNING: [BD 41-1284] Cannot set parameter SUGGESTED_PRIORITY on port /processing_system7_0/IRQ_F2P
WARNING: [BD 41-1284] Cannot set parameter SUGGESTED_PRIORITY on port /processing_system7_0/IRQ_F2P
WARNING: [BD 41-1284] Cannot set parameter SUGGESTED_PRIORITY on port /processing_system7_0/IRQ_F2P
WARNING: [BD 41-1284] Cannot set parameter SUGGESTED_PRIORITY on port /processing_system7_0/IRQ_F2P
WARNING: [BD 41-1284] Cannot set parameter SUGGESTED_PRIORITY on port /processing_system7_0/IRQ_F2P
WARNING: [BD 41-1284] Cannot set parameter SUGGESTED_PRIORITY on port /processing_system7_0/IRQ_F2P
WARNING: [BD 41-1284] Cannot set parameter SUGGESTED_PRIORITY on port /processing_system7_0/IRQ_F2P
WARNING: [BD 41-1284] Cannot set parameter SUGGESTED_PRIORITY on port /processing_system7_0/IRQ_F2P
WARNING: [BD 41-1284] Cannot set parameter SUGGESTED_PRIORITY on port /processing_system7_0/IRQ_F2P
INFO: [xilinx.com:ip:axi_vdma:6.3-16] /axi_vdma_0 
                    All clocks connected to AXI VDMA are not identical, therefore configuring AXI-VDMA in ASYNC mode.
INFO: [xilinx.com:ip:axi_vdma:6.3-17] /axi_vdma_1 
                    All clocks connected to AXI VDMA are not identical, therefore configuring AXI-VDMA in ASYNC mode.
WARNING: [BD 41-927] Following properties on pin /axi_dynclk_0/REF_CLK_I have been updated from connected ip. They may not be synchronized with cell properties. You can set property on pin directly to confirm the value and resolve the warning.
	CLK_DOMAIN=system_processing_system7_0_0_FCLK_CLK0 
WARNING: [BD 41-927] Following properties on pin /axi_dynclk_0/PXL_CLK_O have been updated from connected ip. They may not be synchronized with cell properties. You can set property on pin directly to confirm the value and resolve the warning.
	CLK_DOMAIN=system_axi_dynclk_0_0_PXL_CLK_O 
WARNING: [BD 41-927] Following properties on pin /axi_dynclk_0/PXL_CLK_5X_O have been updated from connected ip. They may not be synchronized with cell properties. You can set property on pin directly to confirm the value and resolve the warning.
	CLK_DOMAIN=system_axi_dynclk_0_0_PXL_CLK_5X_O 
WARNING: [BD 41-927] Following properties on pin /axi_dynclk_0/s00_axi_aclk have been updated from connected ip. They may not be synchronized with cell properties. You can set property on pin directly to confirm the value and resolve the warning.
	CLK_DOMAIN=system_processing_system7_0_0_FCLK_CLK0 
WARNING: [BD 41-927] Following properties on pin /rgb2dvi_0/PixelClk have been updated from connected ip. They may not be synchronized with cell properties. You can set property on pin directly to confirm the value and resolve the warning.
	CLK_DOMAIN=system_axi_dynclk_0_0_PXL_CLK_O 
WARNING: [BD 41-927] Following properties on pin /rgb2dvi_0/SerialClk have been updated from connected ip. They may not be synchronized with cell properties. You can set property on pin directly to confirm the value and resolve the warning.
	CLK_DOMAIN=system_axi_dynclk_0_0_PXL_CLK_5X_O 
WARNING: [BD 41-927] Following properties on pin /alinx_ov5640_0/m_axis_video_aclk have been updated from connected ip. They may not be synchronized with cell properties. You can set property on pin directly to confirm the value and resolve the warning.
	CLK_DOMAIN=system_processing_system7_0_0_FCLK_CLK1 
WARNING: [BD 41-927] Following properties on pin /hls_core_1_0/ap_clk have been updated from connected ip. They may not be synchronized with cell properties. You can set property on pin directly to confirm the value and resolve the warning.
	CLK_DOMAIN=system_processing_system7_0_0_FCLK_CLK0 
validate_bd_design: Time (s): cpu = 00:00:05 ; elapsed = 00:00:06 . Memory (MB): peak = 3059.949 ; gain = 0.000
INFO: [Common 17-681] Processing pending cancel.
save_bd_design
Wrote  : <D:\xilinx_projects\16_ov5640_single\ov5640_single.srcs\sources_1\bd\system\system.bd> 
validate_bd_design -force
WARNING: [BD 41-1284] Cannot set parameter SUGGESTED_PRIORITY on port /processing_system7_0/IRQ_F2P
WARNING: [BD 41-1284] Cannot set parameter SUGGESTED_PRIORITY on port /processing_system7_0/IRQ_F2P
WARNING: [BD 41-1284] Cannot set parameter SUGGESTED_PRIORITY on port /processing_system7_0/IRQ_F2P
WARNING: [BD 41-1284] Cannot set parameter SUGGESTED_PRIORITY on port /processing_system7_0/IRQ_F2P
WARNING: [BD 41-1284] Cannot set parameter SUGGESTED_PRIORITY on port /processing_system7_0/IRQ_F2P
WARNING: [BD 41-1284] Cannot set parameter SUGGESTED_PRIORITY on port /processing_system7_0/IRQ_F2P
WARNING: [BD 41-1284] Cannot set parameter SUGGESTED_PRIORITY on port /processing_system7_0/IRQ_F2P
WARNING: [BD 41-1284] Cannot set parameter SUGGESTED_PRIORITY on port /processing_system7_0/IRQ_F2P
WARNING: [BD 41-1284] Cannot set parameter SUGGESTED_PRIORITY on port /processing_system7_0/IRQ_F2P
WARNING: [BD 41-1284] Cannot set parameter SUGGESTED_PRIORITY on port /processing_system7_0/IRQ_F2P
WARNING: [BD 41-1284] Cannot set parameter SUGGESTED_PRIORITY on port /processing_system7_0/IRQ_F2P
WARNING: [BD 41-1284] Cannot set parameter SUGGESTED_PRIORITY on port /processing_system7_0/IRQ_F2P
WARNING: [BD 41-1284] Cannot set parameter SUGGESTED_PRIORITY on port /processing_system7_0/IRQ_F2P
WARNING: [BD 41-1284] Cannot set parameter SUGGESTED_PRIORITY on port /processing_system7_0/IRQ_F2P
WARNING: [BD 41-1284] Cannot set parameter SUGGESTED_PRIORITY on port /processing_system7_0/IRQ_F2P
WARNING: [BD 41-1284] Cannot set parameter SUGGESTED_PRIORITY on port /processing_system7_0/IRQ_F2P
WARNING: [BD 41-1284] Cannot set parameter SUGGESTED_PRIORITY on port /processing_system7_0/IRQ_F2P
WARNING: [BD 41-1284] Cannot set parameter SUGGESTED_PRIORITY on port /processing_system7_0/IRQ_F2P
WARNING: [BD 41-1284] Cannot set parameter SUGGESTED_PRIORITY on port /processing_system7_0/IRQ_F2P
WARNING: [BD 41-1284] Cannot set parameter SUGGESTED_PRIORITY on port /processing_system7_0/IRQ_F2P
WARNING: [BD 41-1284] Cannot set parameter SUGGESTED_PRIORITY on port /processing_system7_0/IRQ_F2P
WARNING: [BD 41-1284] Cannot set parameter SUGGESTED_PRIORITY on port /processing_system7_0/IRQ_F2P
INFO: [xilinx.com:ip:axi_vdma:6.3-16] /axi_vdma_0 
                    All clocks connected to AXI VDMA are not identical, therefore configuring AXI-VDMA in ASYNC mode.
INFO: [xilinx.com:ip:axi_vdma:6.3-17] /axi_vdma_1 
                    All clocks connected to AXI VDMA are not identical, therefore configuring AXI-VDMA in ASYNC mode.
WARNING: [BD 41-927] Following properties on pin /axi_dynclk_0/REF_CLK_I have been updated from connected ip. They may not be synchronized with cell properties. You can set property on pin directly to confirm the value and resolve the warning.
	CLK_DOMAIN=system_processing_system7_0_0_FCLK_CLK0 
WARNING: [BD 41-927] Following properties on pin /axi_dynclk_0/PXL_CLK_O have been updated from connected ip. They may not be synchronized with cell properties. You can set property on pin directly to confirm the value and resolve the warning.
	CLK_DOMAIN=system_axi_dynclk_0_0_PXL_CLK_O 
WARNING: [BD 41-927] Following properties on pin /axi_dynclk_0/PXL_CLK_5X_O have been updated from connected ip. They may not be synchronized with cell properties. You can set property on pin directly to confirm the value and resolve the warning.
	CLK_DOMAIN=system_axi_dynclk_0_0_PXL_CLK_5X_O 
WARNING: [BD 41-927] Following properties on pin /axi_dynclk_0/s00_axi_aclk have been updated from connected ip. They may not be synchronized with cell properties. You can set property on pin directly to confirm the value and resolve the warning.
	CLK_DOMAIN=system_processing_system7_0_0_FCLK_CLK0 
WARNING: [BD 41-927] Following properties on pin /rgb2dvi_0/PixelClk have been updated from connected ip. They may not be synchronized with cell properties. You can set property on pin directly to confirm the value and resolve the warning.
	CLK_DOMAIN=system_axi_dynclk_0_0_PXL_CLK_O 
WARNING: [BD 41-927] Following properties on pin /rgb2dvi_0/SerialClk have been updated from connected ip. They may not be synchronized with cell properties. You can set property on pin directly to confirm the value and resolve the warning.
	CLK_DOMAIN=system_axi_dynclk_0_0_PXL_CLK_5X_O 
WARNING: [BD 41-927] Following properties on pin /alinx_ov5640_0/m_axis_video_aclk have been updated from connected ip. They may not be synchronized with cell properties. You can set property on pin directly to confirm the value and resolve the warning.
	CLK_DOMAIN=system_processing_system7_0_0_FCLK_CLK1 
WARNING: [BD 41-927] Following properties on pin /hls_core_1_0/ap_clk have been updated from connected ip. They may not be synchronized with cell properties. You can set property on pin directly to confirm the value and resolve the warning.
	CLK_DOMAIN=system_processing_system7_0_0_FCLK_CLK0 
validate_bd_design: Time (s): cpu = 00:00:05 ; elapsed = 00:00:05 . Memory (MB): peak = 3059.949 ; gain = 0.000
save_bd_design
Wrote  : <D:\xilinx_projects\16_ov5640_single\ov5640_single.srcs\sources_1\bd\system\system.bd> 
reset_run synth_1
reset_run system_processing_system7_0_0_synth_1
reset_run system_xlconcat_0_0_synth_1
reset_run system_xbar_0_synth_1
reset_run system_xbar_1_synth_1
launch_runs impl_1 -to_step write_bitstream -jobs 6
INFO: [BD 41-1662] The design 'system.bd' is already validated. Therefore parameter propagation will not be re-run.
